2020-06-06 12:23:15,181-doconfini.py:[18]-[INFO]-read excel value [D:\PycharmProjects\xiaozutest] succeed! 
2020-06-06 12:23:46,730-doconfini.py:[18]-[INFO]-read excel value [D:\PycharmProjects\xiaozutest] succeed! 
2020-06-06 12:23:46,816-testreport.py:[31]-[ERROR]-can not generate test report file D:\PycharmProjects\xiaozutest\retail\report\testreport\普通测试报告2020-06-06 12-23-46.html
Traceback (most recent call last):
  File "D:\PycharmProjects1\xiaozutest\retail\test_case\models\testreport.py", line 29, in testreportCN
    fp = open(fileName,'wb')
FileNotFoundError: [Errno 2] No such file or directory: 'D:\\PycharmProjects\\xiaozutest\\retail\\report\\testreport\\普通测试报告2020-06-06 12-23-46.html'
2020-06-06 12:24:43,491-doconfini.py:[18]-[INFO]-read excel value [D:\PycharmProjects\xiaozutest1] succeed! 
2020-06-06 12:24:43,533-testreport.py:[31]-[ERROR]-can not generate test report file D:\PycharmProjects\xiaozutest1\retail\report\testreport\普通测试报告2020-06-06 12-24-43.html
Traceback (most recent call last):
  File "D:\PycharmProjects1\xiaozutest\retail\test_case\models\testreport.py", line 29, in testreportCN
    fp = open(fileName,'wb')
FileNotFoundError: [Errno 2] No such file or directory: 'D:\\PycharmProjects\\xiaozutest1\\retail\\report\\testreport\\普通测试报告2020-06-06 12-24-43.html'
2020-06-06 12:25:02,729-doconfini.py:[18]-[INFO]-read excel value [D:\PycharmProjects1\xiaozutest] succeed! 
2020-06-06 12:25:02,769-testreport.py:[33]-[INFO]-generate test report D:\PycharmProjects1\xiaozutest\retail\report\testreport\普通测试报告2020-06-06 12-25-02.html succeed
2020-06-06 12:25:02,851-readexcel.py:[25]-[INFO]-reading home_page_elements succeed 
2020-06-06 12:25:02,854-readexcel.py:[25]-[INFO]-reading login_page_elements succeed 
2020-06-06 12:25:02,858-readexcel.py:[25]-[INFO]-reading login_test_date succeed 
2020-06-06 12:25:02,858-readexcel.py:[34]-[INFO]-read value 1,2 in sheetName home_page_elements succeed
2020-06-06 12:25:02,858-readexcel.py:[34]-[INFO]-read value 1,3 in sheetName home_page_elements succeed
2020-06-06 12:25:02,858-readexcel.py:[34]-[INFO]-read value 2,2 in sheetName home_page_elements succeed
2020-06-06 12:25:02,858-readexcel.py:[34]-[INFO]-read value 2,3 in sheetName home_page_elements succeed
2020-06-06 12:25:02,858-readexcel.py:[34]-[INFO]-read value 3,2 in sheetName home_page_elements succeed
2020-06-06 12:25:02,858-readexcel.py:[34]-[INFO]-read value 3,3 in sheetName home_page_elements succeed
2020-06-06 12:25:02,858-readexcel.py:[34]-[INFO]-read value 4,2 in sheetName home_page_elements succeed
2020-06-06 12:25:02,858-readexcel.py:[34]-[INFO]-read value 5,3 in sheetName home_page_elements succeed
2020-06-06 12:25:02,859-readexcel.py:[34]-[INFO]-read value 5,2 in sheetName home_page_elements succeed
2020-06-06 12:25:02,859-readexcel.py:[34]-[INFO]-read value 5,3 in sheetName home_page_elements succeed
2020-06-06 12:25:02,859-readexcel.py:[34]-[INFO]-read value 6,2 in sheetName home_page_elements succeed
2020-06-06 12:25:02,859-readexcel.py:[34]-[INFO]-read value 6,3 in sheetName home_page_elements succeed
2020-06-06 12:25:02,859-readexcel.py:[34]-[INFO]-read value 7,2 in sheetName home_page_elements succeed
2020-06-06 12:25:02,859-readexcel.py:[34]-[INFO]-read value 7,3 in sheetName home_page_elements succeed
2020-06-06 12:25:02,859-readexcel.py:[34]-[INFO]-read value 8,2 in sheetName home_page_elements succeed
2020-06-06 12:25:02,859-readexcel.py:[34]-[INFO]-read value 8,3 in sheetName home_page_elements succeed
2020-06-06 12:25:02,859-readexcel.py:[34]-[INFO]-read value 9,2 in sheetName home_page_elements succeed
2020-06-06 12:25:02,859-readexcel.py:[34]-[INFO]-read value 9,3 in sheetName home_page_elements succeed
2020-06-06 12:25:02,859-readexcel.py:[34]-[INFO]-read value 10,2 in sheetName home_page_elements succeed
2020-06-06 12:25:02,859-readexcel.py:[34]-[INFO]-read value 10,3 in sheetName home_page_elements succeed
2020-06-06 12:25:02,859-readexcel.py:[34]-[INFO]-read value 11,2 in sheetName home_page_elements succeed
2020-06-06 12:25:02,859-readexcel.py:[34]-[INFO]-read value 11,3 in sheetName home_page_elements succeed
2020-06-06 12:25:02,859-readexcel.py:[34]-[INFO]-read value 1,2 in sheetName login_page_elements succeed
2020-06-06 12:25:02,859-readexcel.py:[34]-[INFO]-read value 1,3 in sheetName login_page_elements succeed
2020-06-06 12:25:02,859-readexcel.py:[34]-[INFO]-read value 2,2 in sheetName login_page_elements succeed
2020-06-06 12:25:02,859-readexcel.py:[34]-[INFO]-read value 2,3 in sheetName login_page_elements succeed
2020-06-06 12:25:02,859-readexcel.py:[34]-[INFO]-read value 3,2 in sheetName login_page_elements succeed
2020-06-06 12:25:02,859-readexcel.py:[34]-[INFO]-read value 3,3 in sheetName login_page_elements succeed
2020-06-06 12:25:02,860-readexcel.py:[34]-[INFO]-read value 4,2 in sheetName login_page_elements succeed
2020-06-06 12:25:02,860-readexcel.py:[34]-[INFO]-read value 4,3 in sheetName login_page_elements succeed
2020-06-06 12:25:02,860-readexcel.py:[34]-[INFO]-read value 5,2 in sheetName login_page_elements succeed
2020-06-06 12:25:02,860-readexcel.py:[34]-[INFO]-read value 5,3 in sheetName login_page_elements succeed
2020-06-06 12:25:02,860-readexcel.py:[34]-[INFO]-read value 6,2 in sheetName login_page_elements succeed
2020-06-06 12:25:02,860-readexcel.py:[34]-[INFO]-read value 6,3 in sheetName login_page_elements succeed
2020-06-06 12:25:02,860-readexcel.py:[34]-[INFO]-read value 7,2 in sheetName login_page_elements succeed
2020-06-06 12:25:02,860-readexcel.py:[34]-[INFO]-read value 7,3 in sheetName login_page_elements succeed
2020-06-06 12:25:02,860-readexcel.py:[34]-[INFO]-read value 8,2 in sheetName login_page_elements succeed
2020-06-06 12:25:02,860-readexcel.py:[34]-[INFO]-read value 8,3 in sheetName login_page_elements succeed
2020-06-06 12:25:02,860-readexcel.py:[34]-[INFO]-read value 9,2 in sheetName login_page_elements succeed
2020-06-06 12:25:02,860-readexcel.py:[34]-[INFO]-read value 9,3 in sheetName login_page_elements succeed
2020-06-06 12:25:02,860-readexcel.py:[34]-[INFO]-read value 10,2 in sheetName login_page_elements succeed
2020-06-06 12:25:02,860-readexcel.py:[34]-[INFO]-read value 10,3 in sheetName login_page_elements succeed
2020-06-06 12:25:02,860-readexcel.py:[34]-[INFO]-read value 11,2 in sheetName login_page_elements succeed
2020-06-06 12:25:02,860-readexcel.py:[34]-[INFO]-read value 11,3 in sheetName login_page_elements succeed
2020-06-06 12:25:02,860-readexcel.py:[34]-[INFO]-read value 12,2 in sheetName login_page_elements succeed
2020-06-06 12:25:02,860-readexcel.py:[34]-[INFO]-read value 12,3 in sheetName login_page_elements succeed
2020-06-06 12:25:02,860-readexcel.py:[34]-[INFO]-read value 13,2 in sheetName login_page_elements succeed
2020-06-06 12:25:02,860-readexcel.py:[34]-[INFO]-read value 13,3 in sheetName login_page_elements succeed
2020-06-06 12:25:02,860-readexcel.py:[34]-[INFO]-read value 14,2 in sheetName login_page_elements succeed
2020-06-06 12:25:02,860-readexcel.py:[34]-[INFO]-read value 14,3 in sheetName login_page_elements succeed
2020-06-06 12:25:02,860-readexcel.py:[34]-[INFO]-read value 15,2 in sheetName login_page_elements succeed
2020-06-06 12:25:02,860-readexcel.py:[34]-[INFO]-read value 15,3 in sheetName login_page_elements succeed
2020-06-06 12:25:02,860-readexcel.py:[34]-[INFO]-read value 16,2 in sheetName login_page_elements succeed
2020-06-06 12:25:02,860-readexcel.py:[34]-[INFO]-read value 16,3 in sheetName login_page_elements succeed
2020-06-06 12:25:02,860-readexcel.py:[34]-[INFO]-read value 17,2 in sheetName login_page_elements succeed
2020-06-06 12:25:02,860-readexcel.py:[34]-[INFO]-read value 17,3 in sheetName login_page_elements succeed
2020-06-06 12:25:02,861-readexcel.py:[34]-[INFO]-read value 31,2 in sheetName login_page_elements succeed
2020-06-06 12:25:02,861-readexcel.py:[34]-[INFO]-read value 31,3 in sheetName login_page_elements succeed
2020-06-06 12:25:02,861-readexcel.py:[34]-[INFO]-read value 1,2 in sheetName login_test_date succeed
2020-06-06 12:25:02,861-readexcel.py:[34]-[INFO]-read value 1,3 in sheetName login_test_date succeed
2020-06-06 12:25:02,861-readexcel.py:[34]-[INFO]-read value 2,2 in sheetName login_test_date succeed
2020-06-06 12:25:02,861-readexcel.py:[34]-[INFO]-read value 2,3 in sheetName login_test_date succeed
2020-06-06 12:25:02,861-readexcel.py:[34]-[INFO]-read value 3,2 in sheetName login_test_date succeed
2020-06-06 12:25:02,861-readexcel.py:[34]-[INFO]-read value 3,3 in sheetName login_test_date succeed
2020-06-06 12:25:02,861-readexcel.py:[34]-[INFO]-read value 4,2 in sheetName login_test_date succeed
2020-06-06 12:25:02,861-readexcel.py:[34]-[INFO]-read value 4,3 in sheetName login_test_date succeed
2020-06-06 12:25:02,861-readexcel.py:[34]-[INFO]-read value 5,2 in sheetName login_test_date succeed
2020-06-06 12:25:02,861-readexcel.py:[34]-[INFO]-read value 5,3 in sheetName login_test_date succeed
2020-06-06 12:25:02,863-driver.py:[12]-[ERROR]-FireFoxDriverServer.exe executable needs to be in PATH. Please download!
Traceback (most recent call last):
  File "D:\PycharmProjects1\venv\lib\site-packages\selenium\webdriver\common\service.py", line 76, in start
    stdin=PIPE)
  File "C:\Users\Administrator\AppData\Local\Programs\Python\Python37\lib\subprocess.py", line 775, in __init__
    restore_signals, start_new_session)
  File "C:\Users\Administrator\AppData\Local\Programs\Python\Python37\lib\subprocess.py", line 1178, in _execute_child
    startupinfo)
FileNotFoundError: [WinError 2] 系统找不到指定的文件。

During handling of the above exception, another exception occurred:

Traceback (most recent call last):
  File "D:\PycharmProjects1\xiaozutest\retail\test_case\models\driver.py", line 10, in fireFoxDriver
    self.driver = webdriver.Firefox()
  File "D:\PycharmProjects1\venv\lib\site-packages\selenium\webdriver\firefox\webdriver.py", line 164, in __init__
    self.service.start()
  File "D:\PycharmProjects1\venv\lib\site-packages\selenium\webdriver\common\service.py", line 83, in start
    os.path.basename(self.path), self.start_error_message)
selenium.common.exceptions.WebDriverException: Message: 'geckodriver' executable needs to be in PATH. 

2020-06-06 12:27:02,496-doconfini.py:[18]-[INFO]-read excel value [D:\PycharmProjects1\xiaozutest] succeed! 
2020-06-06 12:27:02,599-readexcel.py:[25]-[INFO]-reading home_page_elements succeed 
2020-06-06 12:27:02,602-readexcel.py:[25]-[INFO]-reading login_page_elements succeed 
2020-06-06 12:27:02,606-readexcel.py:[25]-[INFO]-reading login_test_date succeed 
2020-06-06 12:27:02,606-readexcel.py:[34]-[INFO]-read value 1,2 in sheetName home_page_elements succeed
2020-06-06 12:27:02,606-readexcel.py:[34]-[INFO]-read value 1,3 in sheetName home_page_elements succeed
2020-06-06 12:27:02,606-readexcel.py:[34]-[INFO]-read value 2,2 in sheetName home_page_elements succeed
2020-06-06 12:27:02,606-readexcel.py:[34]-[INFO]-read value 2,3 in sheetName home_page_elements succeed
2020-06-06 12:27:02,606-readexcel.py:[34]-[INFO]-read value 3,2 in sheetName home_page_elements succeed
2020-06-06 12:27:02,607-readexcel.py:[34]-[INFO]-read value 3,3 in sheetName home_page_elements succeed
2020-06-06 12:27:02,607-readexcel.py:[34]-[INFO]-read value 4,2 in sheetName home_page_elements succeed
2020-06-06 12:27:02,607-readexcel.py:[34]-[INFO]-read value 5,3 in sheetName home_page_elements succeed
2020-06-06 12:27:02,607-readexcel.py:[34]-[INFO]-read value 5,2 in sheetName home_page_elements succeed
2020-06-06 12:27:02,607-readexcel.py:[34]-[INFO]-read value 5,3 in sheetName home_page_elements succeed
2020-06-06 12:27:02,607-readexcel.py:[34]-[INFO]-read value 6,2 in sheetName home_page_elements succeed
2020-06-06 12:27:02,607-readexcel.py:[34]-[INFO]-read value 6,3 in sheetName home_page_elements succeed
2020-06-06 12:27:02,607-readexcel.py:[34]-[INFO]-read value 7,2 in sheetName home_page_elements succeed
2020-06-06 12:27:02,607-readexcel.py:[34]-[INFO]-read value 7,3 in sheetName home_page_elements succeed
2020-06-06 12:27:02,607-readexcel.py:[34]-[INFO]-read value 8,2 in sheetName home_page_elements succeed
2020-06-06 12:27:02,607-readexcel.py:[34]-[INFO]-read value 8,3 in sheetName home_page_elements succeed
2020-06-06 12:27:02,607-readexcel.py:[34]-[INFO]-read value 9,2 in sheetName home_page_elements succeed
2020-06-06 12:27:02,607-readexcel.py:[34]-[INFO]-read value 9,3 in sheetName home_page_elements succeed
2020-06-06 12:27:02,607-readexcel.py:[34]-[INFO]-read value 10,2 in sheetName home_page_elements succeed
2020-06-06 12:27:02,607-readexcel.py:[34]-[INFO]-read value 10,3 in sheetName home_page_elements succeed
2020-06-06 12:27:02,607-readexcel.py:[34]-[INFO]-read value 11,2 in sheetName home_page_elements succeed
2020-06-06 12:27:02,607-readexcel.py:[34]-[INFO]-read value 11,3 in sheetName home_page_elements succeed
2020-06-06 12:27:11,436-doconfini.py:[18]-[INFO]-read excel value [D:\PycharmProjects1\xiaozutest] succeed! 
2020-06-06 12:27:11,600-readexcel.py:[25]-[INFO]-reading home_page_elements succeed 
2020-06-06 12:27:11,604-readexcel.py:[25]-[INFO]-reading login_page_elements succeed 
2020-06-06 12:27:11,608-readexcel.py:[25]-[INFO]-reading login_test_date succeed 
2020-06-06 12:27:11,608-readexcel.py:[34]-[INFO]-read value 1,2 in sheetName home_page_elements succeed
2020-06-06 12:27:11,608-readexcel.py:[34]-[INFO]-read value 1,3 in sheetName home_page_elements succeed
2020-06-06 12:27:11,608-readexcel.py:[34]-[INFO]-read value 2,2 in sheetName home_page_elements succeed
2020-06-06 12:27:11,608-readexcel.py:[34]-[INFO]-read value 2,3 in sheetName home_page_elements succeed
2020-06-06 12:27:11,608-readexcel.py:[34]-[INFO]-read value 3,2 in sheetName home_page_elements succeed
2020-06-06 12:27:11,608-readexcel.py:[34]-[INFO]-read value 3,3 in sheetName home_page_elements succeed
2020-06-06 12:27:11,608-readexcel.py:[34]-[INFO]-read value 4,2 in sheetName home_page_elements succeed
2020-06-06 12:27:11,608-readexcel.py:[34]-[INFO]-read value 5,3 in sheetName home_page_elements succeed
2020-06-06 12:27:11,608-readexcel.py:[34]-[INFO]-read value 5,2 in sheetName home_page_elements succeed
2020-06-06 12:27:11,608-readexcel.py:[34]-[INFO]-read value 5,3 in sheetName home_page_elements succeed
2020-06-06 12:27:11,609-readexcel.py:[34]-[INFO]-read value 6,2 in sheetName home_page_elements succeed
2020-06-06 12:27:11,609-readexcel.py:[34]-[INFO]-read value 6,3 in sheetName home_page_elements succeed
2020-06-06 12:27:11,609-readexcel.py:[34]-[INFO]-read value 7,2 in sheetName home_page_elements succeed
2020-06-06 12:27:11,609-readexcel.py:[34]-[INFO]-read value 7,3 in sheetName home_page_elements succeed
2020-06-06 12:27:11,609-readexcel.py:[34]-[INFO]-read value 8,2 in sheetName home_page_elements succeed
2020-06-06 12:27:11,609-readexcel.py:[34]-[INFO]-read value 8,3 in sheetName home_page_elements succeed
2020-06-06 12:27:11,609-readexcel.py:[34]-[INFO]-read value 9,2 in sheetName home_page_elements succeed
2020-06-06 12:27:11,609-readexcel.py:[34]-[INFO]-read value 9,3 in sheetName home_page_elements succeed
2020-06-06 12:27:11,609-readexcel.py:[34]-[INFO]-read value 10,2 in sheetName home_page_elements succeed
2020-06-06 12:27:11,609-readexcel.py:[34]-[INFO]-read value 10,3 in sheetName home_page_elements succeed
2020-06-06 12:27:11,609-readexcel.py:[34]-[INFO]-read value 11,2 in sheetName home_page_elements succeed
2020-06-06 12:27:11,609-readexcel.py:[34]-[INFO]-read value 11,3 in sheetName home_page_elements succeed
2020-06-06 12:27:11,610-readexcel.py:[34]-[INFO]-read value 1,2 in sheetName login_page_elements succeed
2020-06-06 12:27:11,610-readexcel.py:[34]-[INFO]-read value 1,3 in sheetName login_page_elements succeed
2020-06-06 12:27:11,610-readexcel.py:[34]-[INFO]-read value 2,2 in sheetName login_page_elements succeed
2020-06-06 12:27:11,610-readexcel.py:[34]-[INFO]-read value 2,3 in sheetName login_page_elements succeed
2020-06-06 12:27:11,610-readexcel.py:[34]-[INFO]-read value 3,2 in sheetName login_page_elements succeed
2020-06-06 12:27:11,610-readexcel.py:[34]-[INFO]-read value 3,3 in sheetName login_page_elements succeed
2020-06-06 12:27:11,610-readexcel.py:[34]-[INFO]-read value 4,2 in sheetName login_page_elements succeed
2020-06-06 12:27:11,610-readexcel.py:[34]-[INFO]-read value 4,3 in sheetName login_page_elements succeed
2020-06-06 12:27:11,610-readexcel.py:[34]-[INFO]-read value 5,2 in sheetName login_page_elements succeed
2020-06-06 12:27:11,610-readexcel.py:[34]-[INFO]-read value 5,3 in sheetName login_page_elements succeed
2020-06-06 12:27:11,611-readexcel.py:[34]-[INFO]-read value 6,2 in sheetName login_page_elements succeed
2020-06-06 12:27:11,611-readexcel.py:[34]-[INFO]-read value 6,3 in sheetName login_page_elements succeed
2020-06-06 12:27:11,611-readexcel.py:[34]-[INFO]-read value 7,2 in sheetName login_page_elements succeed
2020-06-06 12:27:11,611-readexcel.py:[34]-[INFO]-read value 7,3 in sheetName login_page_elements succeed
2020-06-06 12:27:11,611-readexcel.py:[34]-[INFO]-read value 8,2 in sheetName login_page_elements succeed
2020-06-06 12:27:11,611-readexcel.py:[34]-[INFO]-read value 8,3 in sheetName login_page_elements succeed
2020-06-06 12:27:11,611-readexcel.py:[34]-[INFO]-read value 9,2 in sheetName login_page_elements succeed
2020-06-06 12:27:11,611-readexcel.py:[34]-[INFO]-read value 9,3 in sheetName login_page_elements succeed
2020-06-06 12:27:11,611-readexcel.py:[34]-[INFO]-read value 10,2 in sheetName login_page_elements succeed
2020-06-06 12:27:11,611-readexcel.py:[34]-[INFO]-read value 10,3 in sheetName login_page_elements succeed
2020-06-06 12:27:11,611-readexcel.py:[34]-[INFO]-read value 11,2 in sheetName login_page_elements succeed
2020-06-06 12:27:11,611-readexcel.py:[34]-[INFO]-read value 11,3 in sheetName login_page_elements succeed
2020-06-06 12:27:11,611-readexcel.py:[34]-[INFO]-read value 12,2 in sheetName login_page_elements succeed
2020-06-06 12:27:11,611-readexcel.py:[34]-[INFO]-read value 12,3 in sheetName login_page_elements succeed
2020-06-06 12:27:11,611-readexcel.py:[34]-[INFO]-read value 13,2 in sheetName login_page_elements succeed
2020-06-06 12:27:11,611-readexcel.py:[34]-[INFO]-read value 13,3 in sheetName login_page_elements succeed
2020-06-06 12:27:11,611-readexcel.py:[34]-[INFO]-read value 14,2 in sheetName login_page_elements succeed
2020-06-06 12:27:11,611-readexcel.py:[34]-[INFO]-read value 14,3 in sheetName login_page_elements succeed
2020-06-06 12:27:11,611-readexcel.py:[34]-[INFO]-read value 15,2 in sheetName login_page_elements succeed
2020-06-06 12:27:11,612-readexcel.py:[34]-[INFO]-read value 15,3 in sheetName login_page_elements succeed
2020-06-06 12:27:11,612-readexcel.py:[34]-[INFO]-read value 16,2 in sheetName login_page_elements succeed
2020-06-06 12:27:11,612-readexcel.py:[34]-[INFO]-read value 16,3 in sheetName login_page_elements succeed
2020-06-06 12:27:11,612-readexcel.py:[34]-[INFO]-read value 17,2 in sheetName login_page_elements succeed
2020-06-06 12:27:11,612-readexcel.py:[34]-[INFO]-read value 17,3 in sheetName login_page_elements succeed
2020-06-06 12:27:11,612-readexcel.py:[34]-[INFO]-read value 31,2 in sheetName login_page_elements succeed
2020-06-06 12:27:11,612-readexcel.py:[34]-[INFO]-read value 31,3 in sheetName login_page_elements succeed
2020-06-06 12:27:11,612-readexcel.py:[34]-[INFO]-read value 1,2 in sheetName login_test_date succeed
2020-06-06 12:27:11,612-readexcel.py:[34]-[INFO]-read value 1,3 in sheetName login_test_date succeed
2020-06-06 12:27:11,612-readexcel.py:[34]-[INFO]-read value 2,2 in sheetName login_test_date succeed
2020-06-06 12:27:11,612-readexcel.py:[34]-[INFO]-read value 2,3 in sheetName login_test_date succeed
2020-06-06 12:27:11,612-readexcel.py:[34]-[INFO]-read value 3,2 in sheetName login_test_date succeed
2020-06-06 12:27:11,612-readexcel.py:[34]-[INFO]-read value 3,3 in sheetName login_test_date succeed
2020-06-06 12:27:11,612-readexcel.py:[34]-[INFO]-read value 4,2 in sheetName login_test_date succeed
2020-06-06 12:27:11,612-readexcel.py:[34]-[INFO]-read value 4,3 in sheetName login_test_date succeed
2020-06-06 12:27:11,612-readexcel.py:[34]-[INFO]-read value 5,2 in sheetName login_test_date succeed
2020-06-06 12:27:11,612-readexcel.py:[34]-[INFO]-read value 5,3 in sheetName login_test_date succeed
2020-06-06 12:27:11,615-driver.py:[12]-[ERROR]-FireFoxDriverServer.exe executable needs to be in PATH. Please download!
Traceback (most recent call last):
  File "D:\PycharmProjects1\venv\lib\site-packages\selenium\webdriver\common\service.py", line 76, in start
    stdin=PIPE)
  File "C:\Users\Administrator\AppData\Local\Programs\Python\Python37\lib\subprocess.py", line 775, in __init__
    restore_signals, start_new_session)
  File "C:\Users\Administrator\AppData\Local\Programs\Python\Python37\lib\subprocess.py", line 1178, in _execute_child
    startupinfo)
FileNotFoundError: [WinError 2] 系统找不到指定的文件。

During handling of the above exception, another exception occurred:

Traceback (most recent call last):
  File "D:\PycharmProjects1\xiaozutest\retail\test_case\models\driver.py", line 10, in fireFoxDriver
    self.driver = webdriver.Firefox()
  File "D:\PycharmProjects1\venv\lib\site-packages\selenium\webdriver\firefox\webdriver.py", line 164, in __init__
    self.service.start()
  File "D:\PycharmProjects1\venv\lib\site-packages\selenium\webdriver\common\service.py", line 83, in start
    os.path.basename(self.path), self.start_error_message)
selenium.common.exceptions.WebDriverException: Message: 'geckodriver' executable needs to be in PATH. 

2020-06-06 12:30:12,775-doconfini.py:[18]-[INFO]-read excel value [D:\PycharmProjects1\xiaozutest] succeed! 
2020-06-06 12:30:12,821-testreport.py:[33]-[INFO]-generate test report D:\PycharmProjects1\xiaozutest\retail\report\testreport\普通测试报告2020-06-06 12-30-12.html succeed
2020-06-06 12:30:12,824-sendemail.py:[100]-[INFO]-read receiver address succeed!
2020-06-06 12:30:12,825-sendemail.py:[111]-[INFO]-read file D:\PycharmProjects1\xiaozutest\retail\report\testreport\普通测试报告2020-06-06 12-30-12.html succeed
2020-06-06 12:30:14,096-sendemail.py:[122]-[ERROR]-can not connect smtp.qq.com or user and password is wrong!
Traceback (most recent call last):
  File "D:\PycharmProjects1\xiaozutest\retail\test_case\models\sendemail.py", line 120, in sendEmail
    smtp.login(self._fromuser,self._frompassword)
  File "C:\Users\Administrator\AppData\Local\Programs\Python\Python37\lib\smtplib.py", line 730, in login
    raise last_exception
  File "C:\Users\Administrator\AppData\Local\Programs\Python\Python37\lib\smtplib.py", line 721, in login
    initial_response_ok=initial_response_ok)
  File "C:\Users\Administrator\AppData\Local\Programs\Python\Python37\lib\smtplib.py", line 642, in auth
    raise SMTPAuthenticationError(code, resp)
smtplib.SMTPAuthenticationError: (535, b'Login fail. Authorization code is expired')
2020-06-06 12:35:47,856-doconfini.py:[18]-[INFO]-read excel value [D:\PycharmProjects1\xiaozutest] succeed! 
2020-06-06 12:35:47,897-testreport.py:[33]-[INFO]-generate test report D:\PycharmProjects1\xiaozutest\retail\report\testreport\普通测试报告2020-06-06 12-35-47.html succeed
2020-06-06 12:35:47,956-sendemail.py:[100]-[INFO]-read receiver address succeed!
2020-06-06 12:35:47,956-sendemail.py:[111]-[INFO]-read file D:\PycharmProjects1\xiaozutest\retail\report\testreport\普通测试报告2020-06-06 12-35-47.html succeed
2020-06-06 12:35:49,192-sendemail.py:[122]-[ERROR]-can not connect smtp.qq.com or user and password is wrong!
Traceback (most recent call last):
  File "D:\PycharmProjects1\xiaozutest\retail\test_case\models\sendemail.py", line 120, in sendEmail
    smtp.login(self._fromuser,self._frompassword)
  File "C:\Users\Administrator\AppData\Local\Programs\Python\Python37\lib\smtplib.py", line 730, in login
    raise last_exception
  File "C:\Users\Administrator\AppData\Local\Programs\Python\Python37\lib\smtplib.py", line 721, in login
    initial_response_ok=initial_response_ok)
  File "C:\Users\Administrator\AppData\Local\Programs\Python\Python37\lib\smtplib.py", line 642, in auth
    raise SMTPAuthenticationError(code, resp)
smtplib.SMTPAuthenticationError: (535, b'Login fail. Authorization code is expired')
2020-06-06 12:36:51,174-doconfini.py:[18]-[INFO]-read excel value [D:\PycharmProjects1\xiaozutest] succeed! 
2020-06-06 12:36:51,215-testreport.py:[33]-[INFO]-generate test report D:\PycharmProjects1\xiaozutest\retail\report\testreport\普通测试报告2020-06-06 12-36-51.html succeed
2020-06-06 12:36:51,284-readexcel.py:[25]-[INFO]-reading home_page_elements succeed 
2020-06-06 12:36:51,287-readexcel.py:[25]-[INFO]-reading login_page_elements succeed 
2020-06-06 12:36:51,290-readexcel.py:[25]-[INFO]-reading login_test_date succeed 
2020-06-06 12:36:51,291-readexcel.py:[34]-[INFO]-read value 1,2 in sheetName home_page_elements succeed
2020-06-06 12:36:51,291-readexcel.py:[34]-[INFO]-read value 1,3 in sheetName home_page_elements succeed
2020-06-06 12:36:51,291-readexcel.py:[34]-[INFO]-read value 2,2 in sheetName home_page_elements succeed
2020-06-06 12:36:51,291-readexcel.py:[34]-[INFO]-read value 2,3 in sheetName home_page_elements succeed
2020-06-06 12:36:51,291-readexcel.py:[34]-[INFO]-read value 3,2 in sheetName home_page_elements succeed
2020-06-06 12:36:51,291-readexcel.py:[34]-[INFO]-read value 3,3 in sheetName home_page_elements succeed
2020-06-06 12:36:51,291-readexcel.py:[34]-[INFO]-read value 4,2 in sheetName home_page_elements succeed
2020-06-06 12:36:51,291-readexcel.py:[34]-[INFO]-read value 5,3 in sheetName home_page_elements succeed
2020-06-06 12:36:51,291-readexcel.py:[34]-[INFO]-read value 5,2 in sheetName home_page_elements succeed
2020-06-06 12:36:51,291-readexcel.py:[34]-[INFO]-read value 5,3 in sheetName home_page_elements succeed
2020-06-06 12:36:51,291-readexcel.py:[34]-[INFO]-read value 6,2 in sheetName home_page_elements succeed
2020-06-06 12:36:51,291-readexcel.py:[34]-[INFO]-read value 6,3 in sheetName home_page_elements succeed
2020-06-06 12:36:51,291-readexcel.py:[34]-[INFO]-read value 7,2 in sheetName home_page_elements succeed
2020-06-06 12:36:51,291-readexcel.py:[34]-[INFO]-read value 7,3 in sheetName home_page_elements succeed
2020-06-06 12:36:51,291-readexcel.py:[34]-[INFO]-read value 8,2 in sheetName home_page_elements succeed
2020-06-06 12:36:51,291-readexcel.py:[34]-[INFO]-read value 8,3 in sheetName home_page_elements succeed
2020-06-06 12:36:51,291-readexcel.py:[34]-[INFO]-read value 9,2 in sheetName home_page_elements succeed
2020-06-06 12:36:51,291-readexcel.py:[34]-[INFO]-read value 9,3 in sheetName home_page_elements succeed
2020-06-06 12:36:51,291-readexcel.py:[34]-[INFO]-read value 10,2 in sheetName home_page_elements succeed
2020-06-06 12:36:51,291-readexcel.py:[34]-[INFO]-read value 10,3 in sheetName home_page_elements succeed
2020-06-06 12:36:51,291-readexcel.py:[34]-[INFO]-read value 11,2 in sheetName home_page_elements succeed
2020-06-06 12:36:51,292-readexcel.py:[34]-[INFO]-read value 11,3 in sheetName home_page_elements succeed
2020-06-06 12:36:51,292-readexcel.py:[34]-[INFO]-read value 1,2 in sheetName login_page_elements succeed
2020-06-06 12:36:51,292-readexcel.py:[34]-[INFO]-read value 1,3 in sheetName login_page_elements succeed
2020-06-06 12:36:51,292-readexcel.py:[34]-[INFO]-read value 2,2 in sheetName login_page_elements succeed
2020-06-06 12:36:51,292-readexcel.py:[34]-[INFO]-read value 2,3 in sheetName login_page_elements succeed
2020-06-06 12:36:51,292-readexcel.py:[34]-[INFO]-read value 3,2 in sheetName login_page_elements succeed
2020-06-06 12:36:51,292-readexcel.py:[34]-[INFO]-read value 3,3 in sheetName login_page_elements succeed
2020-06-06 12:36:51,292-readexcel.py:[34]-[INFO]-read value 4,2 in sheetName login_page_elements succeed
2020-06-06 12:36:51,292-readexcel.py:[34]-[INFO]-read value 4,3 in sheetName login_page_elements succeed
2020-06-06 12:36:51,292-readexcel.py:[34]-[INFO]-read value 5,2 in sheetName login_page_elements succeed
2020-06-06 12:36:51,292-readexcel.py:[34]-[INFO]-read value 5,3 in sheetName login_page_elements succeed
2020-06-06 12:36:51,292-readexcel.py:[34]-[INFO]-read value 6,2 in sheetName login_page_elements succeed
2020-06-06 12:36:51,292-readexcel.py:[34]-[INFO]-read value 6,3 in sheetName login_page_elements succeed
2020-06-06 12:36:51,292-readexcel.py:[34]-[INFO]-read value 7,2 in sheetName login_page_elements succeed
2020-06-06 12:36:51,292-readexcel.py:[34]-[INFO]-read value 7,3 in sheetName login_page_elements succeed
2020-06-06 12:36:51,292-readexcel.py:[34]-[INFO]-read value 8,2 in sheetName login_page_elements succeed
2020-06-06 12:36:51,292-readexcel.py:[34]-[INFO]-read value 8,3 in sheetName login_page_elements succeed
2020-06-06 12:36:51,292-readexcel.py:[34]-[INFO]-read value 9,2 in sheetName login_page_elements succeed
2020-06-06 12:36:51,292-readexcel.py:[34]-[INFO]-read value 9,3 in sheetName login_page_elements succeed
2020-06-06 12:36:51,292-readexcel.py:[34]-[INFO]-read value 10,2 in sheetName login_page_elements succeed
2020-06-06 12:36:51,292-readexcel.py:[34]-[INFO]-read value 10,3 in sheetName login_page_elements succeed
2020-06-06 12:36:51,293-readexcel.py:[34]-[INFO]-read value 11,2 in sheetName login_page_elements succeed
2020-06-06 12:36:51,293-readexcel.py:[34]-[INFO]-read value 11,3 in sheetName login_page_elements succeed
2020-06-06 12:36:51,293-readexcel.py:[34]-[INFO]-read value 12,2 in sheetName login_page_elements succeed
2020-06-06 12:36:51,293-readexcel.py:[34]-[INFO]-read value 12,3 in sheetName login_page_elements succeed
2020-06-06 12:36:51,293-readexcel.py:[34]-[INFO]-read value 13,2 in sheetName login_page_elements succeed
2020-06-06 12:36:51,293-readexcel.py:[34]-[INFO]-read value 13,3 in sheetName login_page_elements succeed
2020-06-06 12:36:51,293-readexcel.py:[34]-[INFO]-read value 14,2 in sheetName login_page_elements succeed
2020-06-06 12:36:51,293-readexcel.py:[34]-[INFO]-read value 14,3 in sheetName login_page_elements succeed
2020-06-06 12:36:51,293-readexcel.py:[34]-[INFO]-read value 15,2 in sheetName login_page_elements succeed
2020-06-06 12:36:51,293-readexcel.py:[34]-[INFO]-read value 15,3 in sheetName login_page_elements succeed
2020-06-06 12:36:51,293-readexcel.py:[34]-[INFO]-read value 16,2 in sheetName login_page_elements succeed
2020-06-06 12:36:51,293-readexcel.py:[34]-[INFO]-read value 16,3 in sheetName login_page_elements succeed
2020-06-06 12:36:51,293-readexcel.py:[34]-[INFO]-read value 17,2 in sheetName login_page_elements succeed
2020-06-06 12:36:51,293-readexcel.py:[34]-[INFO]-read value 17,3 in sheetName login_page_elements succeed
2020-06-06 12:36:51,293-readexcel.py:[34]-[INFO]-read value 31,2 in sheetName login_page_elements succeed
2020-06-06 12:36:51,293-readexcel.py:[34]-[INFO]-read value 31,3 in sheetName login_page_elements succeed
2020-06-06 12:36:51,293-readexcel.py:[34]-[INFO]-read value 1,2 in sheetName login_test_date succeed
2020-06-06 12:36:51,293-readexcel.py:[34]-[INFO]-read value 1,3 in sheetName login_test_date succeed
2020-06-06 12:36:51,293-readexcel.py:[34]-[INFO]-read value 2,2 in sheetName login_test_date succeed
2020-06-06 12:36:51,293-readexcel.py:[34]-[INFO]-read value 2,3 in sheetName login_test_date succeed
2020-06-06 12:36:51,293-readexcel.py:[34]-[INFO]-read value 3,2 in sheetName login_test_date succeed
2020-06-06 12:36:51,293-readexcel.py:[34]-[INFO]-read value 3,3 in sheetName login_test_date succeed
2020-06-06 12:36:51,293-readexcel.py:[34]-[INFO]-read value 4,2 in sheetName login_test_date succeed
2020-06-06 12:36:51,293-readexcel.py:[34]-[INFO]-read value 4,3 in sheetName login_test_date succeed
2020-06-06 12:36:51,293-readexcel.py:[34]-[INFO]-read value 5,2 in sheetName login_test_date succeed
2020-06-06 12:36:51,293-readexcel.py:[34]-[INFO]-read value 5,3 in sheetName login_test_date succeed
2020-06-06 12:36:51,295-driver.py:[12]-[ERROR]-FireFoxDriverServer.exe executable needs to be in PATH. Please download!
Traceback (most recent call last):
  File "C:\Users\Administrator\PycharmProjects\untitled\venv\lib\site-packages\selenium\webdriver\common\service.py", line 76, in start
    stdin=PIPE)
  File "C:\Users\Administrator\AppData\Local\Programs\Python\Python37\lib\subprocess.py", line 775, in __init__
    restore_signals, start_new_session)
  File "C:\Users\Administrator\AppData\Local\Programs\Python\Python37\lib\subprocess.py", line 1178, in _execute_child
    startupinfo)
FileNotFoundError: [WinError 2] 系统找不到指定的文件。

During handling of the above exception, another exception occurred:

Traceback (most recent call last):
  File "D:\PycharmProjects1\xiaozutest\retail\test_case\models\driver.py", line 10, in fireFoxDriver
    self.driver = webdriver.Firefox()
  File "C:\Users\Administrator\PycharmProjects\untitled\venv\lib\site-packages\selenium\webdriver\firefox\webdriver.py", line 164, in __init__
    self.service.start()
  File "C:\Users\Administrator\PycharmProjects\untitled\venv\lib\site-packages\selenium\webdriver\common\service.py", line 83, in start
    os.path.basename(self.path), self.start_error_message)
selenium.common.exceptions.WebDriverException: Message: 'geckodriver' executable needs to be in PATH. 

2020-06-06 12:41:18,401-doconfini.py:[18]-[INFO]-read excel value [D:\PycharmProjects1\xiaozutest] succeed! 
2020-06-06 12:41:18,448-testreport.py:[33]-[INFO]-generate test report D:\PycharmProjects1\xiaozutest\retail\report\testreport\普通测试报告2020-06-06 12-41-18.html succeed
2020-06-06 12:41:18,517-readexcel.py:[25]-[INFO]-reading home_page_elements succeed 
2020-06-06 12:41:18,520-readexcel.py:[25]-[INFO]-reading login_page_elements succeed 
2020-06-06 12:41:18,524-readexcel.py:[25]-[INFO]-reading login_test_date succeed 
2020-06-06 12:41:18,524-readexcel.py:[34]-[INFO]-read value 1,2 in sheetName home_page_elements succeed
2020-06-06 12:41:18,524-readexcel.py:[34]-[INFO]-read value 1,3 in sheetName home_page_elements succeed
2020-06-06 12:41:18,524-readexcel.py:[34]-[INFO]-read value 2,2 in sheetName home_page_elements succeed
2020-06-06 12:41:18,524-readexcel.py:[34]-[INFO]-read value 2,3 in sheetName home_page_elements succeed
2020-06-06 12:41:18,524-readexcel.py:[34]-[INFO]-read value 3,2 in sheetName home_page_elements succeed
2020-06-06 12:41:18,524-readexcel.py:[34]-[INFO]-read value 3,3 in sheetName home_page_elements succeed
2020-06-06 12:41:18,524-readexcel.py:[34]-[INFO]-read value 4,2 in sheetName home_page_elements succeed
2020-06-06 12:41:18,525-readexcel.py:[34]-[INFO]-read value 5,3 in sheetName home_page_elements succeed
2020-06-06 12:41:18,525-readexcel.py:[34]-[INFO]-read value 5,2 in sheetName home_page_elements succeed
2020-06-06 12:41:18,525-readexcel.py:[34]-[INFO]-read value 5,3 in sheetName home_page_elements succeed
2020-06-06 12:41:18,525-readexcel.py:[34]-[INFO]-read value 6,2 in sheetName home_page_elements succeed
2020-06-06 12:41:18,525-readexcel.py:[34]-[INFO]-read value 6,3 in sheetName home_page_elements succeed
2020-06-06 12:41:18,525-readexcel.py:[34]-[INFO]-read value 7,2 in sheetName home_page_elements succeed
2020-06-06 12:41:18,525-readexcel.py:[34]-[INFO]-read value 7,3 in sheetName home_page_elements succeed
2020-06-06 12:41:18,525-readexcel.py:[34]-[INFO]-read value 8,2 in sheetName home_page_elements succeed
2020-06-06 12:41:18,525-readexcel.py:[34]-[INFO]-read value 8,3 in sheetName home_page_elements succeed
2020-06-06 12:41:18,525-readexcel.py:[34]-[INFO]-read value 9,2 in sheetName home_page_elements succeed
2020-06-06 12:41:18,525-readexcel.py:[34]-[INFO]-read value 9,3 in sheetName home_page_elements succeed
2020-06-06 12:41:18,525-readexcel.py:[34]-[INFO]-read value 10,2 in sheetName home_page_elements succeed
2020-06-06 12:41:18,525-readexcel.py:[34]-[INFO]-read value 10,3 in sheetName home_page_elements succeed
2020-06-06 12:41:18,525-readexcel.py:[34]-[INFO]-read value 11,2 in sheetName home_page_elements succeed
2020-06-06 12:41:18,525-readexcel.py:[34]-[INFO]-read value 11,3 in sheetName home_page_elements succeed
2020-06-06 12:41:18,525-readexcel.py:[34]-[INFO]-read value 1,2 in sheetName login_page_elements succeed
2020-06-06 12:41:18,525-readexcel.py:[34]-[INFO]-read value 1,3 in sheetName login_page_elements succeed
2020-06-06 12:41:18,525-readexcel.py:[34]-[INFO]-read value 2,2 in sheetName login_page_elements succeed
2020-06-06 12:41:18,525-readexcel.py:[34]-[INFO]-read value 2,3 in sheetName login_page_elements succeed
2020-06-06 12:41:18,525-readexcel.py:[34]-[INFO]-read value 3,2 in sheetName login_page_elements succeed
2020-06-06 12:41:18,526-readexcel.py:[34]-[INFO]-read value 3,3 in sheetName login_page_elements succeed
2020-06-06 12:41:18,526-readexcel.py:[34]-[INFO]-read value 4,2 in sheetName login_page_elements succeed
2020-06-06 12:41:18,526-readexcel.py:[34]-[INFO]-read value 4,3 in sheetName login_page_elements succeed
2020-06-06 12:41:18,526-readexcel.py:[34]-[INFO]-read value 5,2 in sheetName login_page_elements succeed
2020-06-06 12:41:18,526-readexcel.py:[34]-[INFO]-read value 5,3 in sheetName login_page_elements succeed
2020-06-06 12:41:18,526-readexcel.py:[34]-[INFO]-read value 6,2 in sheetName login_page_elements succeed
2020-06-06 12:41:18,526-readexcel.py:[34]-[INFO]-read value 6,3 in sheetName login_page_elements succeed
2020-06-06 12:41:18,526-readexcel.py:[34]-[INFO]-read value 7,2 in sheetName login_page_elements succeed
2020-06-06 12:41:18,526-readexcel.py:[34]-[INFO]-read value 7,3 in sheetName login_page_elements succeed
2020-06-06 12:41:18,526-readexcel.py:[34]-[INFO]-read value 8,2 in sheetName login_page_elements succeed
2020-06-06 12:41:18,526-readexcel.py:[34]-[INFO]-read value 8,3 in sheetName login_page_elements succeed
2020-06-06 12:41:18,526-readexcel.py:[34]-[INFO]-read value 9,2 in sheetName login_page_elements succeed
2020-06-06 12:41:18,526-readexcel.py:[34]-[INFO]-read value 9,3 in sheetName login_page_elements succeed
2020-06-06 12:41:18,526-readexcel.py:[34]-[INFO]-read value 10,2 in sheetName login_page_elements succeed
2020-06-06 12:41:18,526-readexcel.py:[34]-[INFO]-read value 10,3 in sheetName login_page_elements succeed
2020-06-06 12:41:18,526-readexcel.py:[34]-[INFO]-read value 11,2 in sheetName login_page_elements succeed
2020-06-06 12:41:18,526-readexcel.py:[34]-[INFO]-read value 11,3 in sheetName login_page_elements succeed
2020-06-06 12:41:18,526-readexcel.py:[34]-[INFO]-read value 12,2 in sheetName login_page_elements succeed
2020-06-06 12:41:18,526-readexcel.py:[34]-[INFO]-read value 12,3 in sheetName login_page_elements succeed
2020-06-06 12:41:18,527-readexcel.py:[34]-[INFO]-read value 13,2 in sheetName login_page_elements succeed
2020-06-06 12:41:18,527-readexcel.py:[34]-[INFO]-read value 13,3 in sheetName login_page_elements succeed
2020-06-06 12:41:18,527-readexcel.py:[34]-[INFO]-read value 14,2 in sheetName login_page_elements succeed
2020-06-06 12:41:18,527-readexcel.py:[34]-[INFO]-read value 14,3 in sheetName login_page_elements succeed
2020-06-06 12:41:18,527-readexcel.py:[34]-[INFO]-read value 15,2 in sheetName login_page_elements succeed
2020-06-06 12:41:18,527-readexcel.py:[34]-[INFO]-read value 15,3 in sheetName login_page_elements succeed
2020-06-06 12:41:18,527-readexcel.py:[34]-[INFO]-read value 16,2 in sheetName login_page_elements succeed
2020-06-06 12:41:18,527-readexcel.py:[34]-[INFO]-read value 16,3 in sheetName login_page_elements succeed
2020-06-06 12:41:18,527-readexcel.py:[34]-[INFO]-read value 17,2 in sheetName login_page_elements succeed
2020-06-06 12:41:18,527-readexcel.py:[34]-[INFO]-read value 17,3 in sheetName login_page_elements succeed
2020-06-06 12:41:18,527-readexcel.py:[34]-[INFO]-read value 31,2 in sheetName login_page_elements succeed
2020-06-06 12:41:18,527-readexcel.py:[34]-[INFO]-read value 31,3 in sheetName login_page_elements succeed
2020-06-06 12:41:18,527-readexcel.py:[34]-[INFO]-read value 1,2 in sheetName login_test_date succeed
2020-06-06 12:41:18,527-readexcel.py:[34]-[INFO]-read value 1,3 in sheetName login_test_date succeed
2020-06-06 12:41:18,527-readexcel.py:[34]-[INFO]-read value 2,2 in sheetName login_test_date succeed
2020-06-06 12:41:18,527-readexcel.py:[34]-[INFO]-read value 2,3 in sheetName login_test_date succeed
2020-06-06 12:41:18,527-readexcel.py:[34]-[INFO]-read value 3,2 in sheetName login_test_date succeed
2020-06-06 12:41:18,527-readexcel.py:[34]-[INFO]-read value 3,3 in sheetName login_test_date succeed
2020-06-06 12:41:18,527-readexcel.py:[34]-[INFO]-read value 4,2 in sheetName login_test_date succeed
2020-06-06 12:41:18,527-readexcel.py:[34]-[INFO]-read value 4,3 in sheetName login_test_date succeed
2020-06-06 12:41:18,527-readexcel.py:[34]-[INFO]-read value 5,2 in sheetName login_test_date succeed
2020-06-06 12:41:18,527-readexcel.py:[34]-[INFO]-read value 5,3 in sheetName login_test_date succeed
2020-06-06 12:41:18,529-driver.py:[12]-[ERROR]-FireFoxDriverServer.exe executable needs to be in PATH. Please download!
Traceback (most recent call last):
  File "C:\Users\Administrator\PycharmProjects\untitled\venv\lib\site-packages\selenium\webdriver\common\service.py", line 76, in start
    stdin=PIPE)
  File "C:\Users\Administrator\AppData\Local\Programs\Python\Python37\lib\subprocess.py", line 775, in __init__
    restore_signals, start_new_session)
  File "C:\Users\Administrator\AppData\Local\Programs\Python\Python37\lib\subprocess.py", line 1178, in _execute_child
    startupinfo)
FileNotFoundError: [WinError 2] 系统找不到指定的文件。

During handling of the above exception, another exception occurred:

Traceback (most recent call last):
  File "D:\PycharmProjects1\xiaozutest\retail\test_case\models\driver.py", line 10, in fireFoxDriver
    self.driver = webdriver.Firefox()
  File "C:\Users\Administrator\PycharmProjects\untitled\venv\lib\site-packages\selenium\webdriver\firefox\webdriver.py", line 164, in __init__
    self.service.start()
  File "C:\Users\Administrator\PycharmProjects\untitled\venv\lib\site-packages\selenium\webdriver\common\service.py", line 83, in start
    os.path.basename(self.path), self.start_error_message)
selenium.common.exceptions.WebDriverException: Message: 'geckodriver' executable needs to be in PATH. 

2020-06-06 12:41:18,531-sendemail.py:[100]-[INFO]-read receiver address succeed!
2020-06-06 12:41:18,531-sendemail.py:[111]-[INFO]-read file D:\PycharmProjects1\xiaozutest\retail\report\testreport\普通测试报告2020-06-06 12-41-18.html succeed
2020-06-06 12:41:19,811-sendemail.py:[122]-[ERROR]-can not connect smtp.qq.com or user and password is wrong!
Traceback (most recent call last):
  File "D:\PycharmProjects1\xiaozutest\retail\test_case\models\sendemail.py", line 120, in sendEmail
    smtp.login(self._fromuser,self._frompassword)
  File "C:\Users\Administrator\AppData\Local\Programs\Python\Python37\lib\smtplib.py", line 730, in login
    raise last_exception
  File "C:\Users\Administrator\AppData\Local\Programs\Python\Python37\lib\smtplib.py", line 721, in login
    initial_response_ok=initial_response_ok)
  File "C:\Users\Administrator\AppData\Local\Programs\Python\Python37\lib\smtplib.py", line 642, in auth
    raise SMTPAuthenticationError(code, resp)
smtplib.SMTPAuthenticationError: (535, b'Login fail. Authorization code is expired')
2020-06-06 12:43:02,534-doconfini.py:[18]-[INFO]-read excel value [D:\PycharmProjects1\xiaozutest] succeed! 
2020-06-06 12:43:02,574-testreport.py:[33]-[INFO]-generate test report D:\PycharmProjects1\xiaozutest\retail\report\testreport\普通测试报告2020-06-06 12-43-02.html succeed
2020-06-06 12:43:02,643-readexcel.py:[25]-[INFO]-reading home_page_elements succeed 
2020-06-06 12:43:02,646-readexcel.py:[25]-[INFO]-reading login_page_elements succeed 
2020-06-06 12:43:02,649-readexcel.py:[25]-[INFO]-reading login_test_date succeed 
2020-06-06 12:43:02,650-readexcel.py:[34]-[INFO]-read value 1,2 in sheetName home_page_elements succeed
2020-06-06 12:43:02,650-readexcel.py:[34]-[INFO]-read value 1,3 in sheetName home_page_elements succeed
2020-06-06 12:43:02,650-readexcel.py:[34]-[INFO]-read value 2,2 in sheetName home_page_elements succeed
2020-06-06 12:43:02,650-readexcel.py:[34]-[INFO]-read value 2,3 in sheetName home_page_elements succeed
2020-06-06 12:43:02,650-readexcel.py:[34]-[INFO]-read value 3,2 in sheetName home_page_elements succeed
2020-06-06 12:43:02,650-readexcel.py:[34]-[INFO]-read value 3,3 in sheetName home_page_elements succeed
2020-06-06 12:43:02,651-readexcel.py:[34]-[INFO]-read value 4,2 in sheetName home_page_elements succeed
2020-06-06 12:43:02,651-readexcel.py:[34]-[INFO]-read value 5,3 in sheetName home_page_elements succeed
2020-06-06 12:43:02,651-readexcel.py:[34]-[INFO]-read value 5,2 in sheetName home_page_elements succeed
2020-06-06 12:43:02,651-readexcel.py:[34]-[INFO]-read value 5,3 in sheetName home_page_elements succeed
2020-06-06 12:43:02,651-readexcel.py:[34]-[INFO]-read value 6,2 in sheetName home_page_elements succeed
2020-06-06 12:43:02,651-readexcel.py:[34]-[INFO]-read value 6,3 in sheetName home_page_elements succeed
2020-06-06 12:43:02,651-readexcel.py:[34]-[INFO]-read value 7,2 in sheetName home_page_elements succeed
2020-06-06 12:43:02,651-readexcel.py:[34]-[INFO]-read value 7,3 in sheetName home_page_elements succeed
2020-06-06 12:43:02,651-readexcel.py:[34]-[INFO]-read value 8,2 in sheetName home_page_elements succeed
2020-06-06 12:43:02,651-readexcel.py:[34]-[INFO]-read value 8,3 in sheetName home_page_elements succeed
2020-06-06 12:43:02,651-readexcel.py:[34]-[INFO]-read value 9,2 in sheetName home_page_elements succeed
2020-06-06 12:43:02,651-readexcel.py:[34]-[INFO]-read value 9,3 in sheetName home_page_elements succeed
2020-06-06 12:43:02,651-readexcel.py:[34]-[INFO]-read value 10,2 in sheetName home_page_elements succeed
2020-06-06 12:43:02,651-readexcel.py:[34]-[INFO]-read value 10,3 in sheetName home_page_elements succeed
2020-06-06 12:43:02,651-readexcel.py:[34]-[INFO]-read value 11,2 in sheetName home_page_elements succeed
2020-06-06 12:43:02,651-readexcel.py:[34]-[INFO]-read value 11,3 in sheetName home_page_elements succeed
2020-06-06 12:43:02,651-readexcel.py:[34]-[INFO]-read value 1,2 in sheetName login_page_elements succeed
2020-06-06 12:43:02,651-readexcel.py:[34]-[INFO]-read value 1,3 in sheetName login_page_elements succeed
2020-06-06 12:43:02,651-readexcel.py:[34]-[INFO]-read value 2,2 in sheetName login_page_elements succeed
2020-06-06 12:43:02,651-readexcel.py:[34]-[INFO]-read value 2,3 in sheetName login_page_elements succeed
2020-06-06 12:43:02,651-readexcel.py:[34]-[INFO]-read value 3,2 in sheetName login_page_elements succeed
2020-06-06 12:43:02,652-readexcel.py:[34]-[INFO]-read value 3,3 in sheetName login_page_elements succeed
2020-06-06 12:43:02,652-readexcel.py:[34]-[INFO]-read value 4,2 in sheetName login_page_elements succeed
2020-06-06 12:43:02,652-readexcel.py:[34]-[INFO]-read value 4,3 in sheetName login_page_elements succeed
2020-06-06 12:43:02,652-readexcel.py:[34]-[INFO]-read value 5,2 in sheetName login_page_elements succeed
2020-06-06 12:43:02,652-readexcel.py:[34]-[INFO]-read value 5,3 in sheetName login_page_elements succeed
2020-06-06 12:43:02,652-readexcel.py:[34]-[INFO]-read value 6,2 in sheetName login_page_elements succeed
2020-06-06 12:43:02,652-readexcel.py:[34]-[INFO]-read value 6,3 in sheetName login_page_elements succeed
2020-06-06 12:43:02,652-readexcel.py:[34]-[INFO]-read value 7,2 in sheetName login_page_elements succeed
2020-06-06 12:43:02,652-readexcel.py:[34]-[INFO]-read value 7,3 in sheetName login_page_elements succeed
2020-06-06 12:43:02,652-readexcel.py:[34]-[INFO]-read value 8,2 in sheetName login_page_elements succeed
2020-06-06 12:43:02,652-readexcel.py:[34]-[INFO]-read value 8,3 in sheetName login_page_elements succeed
2020-06-06 12:43:02,652-readexcel.py:[34]-[INFO]-read value 9,2 in sheetName login_page_elements succeed
2020-06-06 12:43:02,652-readexcel.py:[34]-[INFO]-read value 9,3 in sheetName login_page_elements succeed
2020-06-06 12:43:02,652-readexcel.py:[34]-[INFO]-read value 10,2 in sheetName login_page_elements succeed
2020-06-06 12:43:02,652-readexcel.py:[34]-[INFO]-read value 10,3 in sheetName login_page_elements succeed
2020-06-06 12:43:02,652-readexcel.py:[34]-[INFO]-read value 11,2 in sheetName login_page_elements succeed
2020-06-06 12:43:02,652-readexcel.py:[34]-[INFO]-read value 11,3 in sheetName login_page_elements succeed
2020-06-06 12:43:02,652-readexcel.py:[34]-[INFO]-read value 12,2 in sheetName login_page_elements succeed
2020-06-06 12:43:02,652-readexcel.py:[34]-[INFO]-read value 12,3 in sheetName login_page_elements succeed
2020-06-06 12:43:02,652-readexcel.py:[34]-[INFO]-read value 13,2 in sheetName login_page_elements succeed
2020-06-06 12:43:02,652-readexcel.py:[34]-[INFO]-read value 13,3 in sheetName login_page_elements succeed
2020-06-06 12:43:02,652-readexcel.py:[34]-[INFO]-read value 14,2 in sheetName login_page_elements succeed
2020-06-06 12:43:02,652-readexcel.py:[34]-[INFO]-read value 14,3 in sheetName login_page_elements succeed
2020-06-06 12:43:02,652-readexcel.py:[34]-[INFO]-read value 15,2 in sheetName login_page_elements succeed
2020-06-06 12:43:02,652-readexcel.py:[34]-[INFO]-read value 15,3 in sheetName login_page_elements succeed
2020-06-06 12:43:02,652-readexcel.py:[34]-[INFO]-read value 16,2 in sheetName login_page_elements succeed
2020-06-06 12:43:02,652-readexcel.py:[34]-[INFO]-read value 16,3 in sheetName login_page_elements succeed
2020-06-06 12:43:02,653-readexcel.py:[34]-[INFO]-read value 17,2 in sheetName login_page_elements succeed
2020-06-06 12:43:02,653-readexcel.py:[34]-[INFO]-read value 17,3 in sheetName login_page_elements succeed
2020-06-06 12:43:02,653-readexcel.py:[34]-[INFO]-read value 31,2 in sheetName login_page_elements succeed
2020-06-06 12:43:02,653-readexcel.py:[34]-[INFO]-read value 31,3 in sheetName login_page_elements succeed
2020-06-06 12:43:02,653-readexcel.py:[34]-[INFO]-read value 1,2 in sheetName login_test_date succeed
2020-06-06 12:43:02,653-readexcel.py:[34]-[INFO]-read value 1,3 in sheetName login_test_date succeed
2020-06-06 12:43:02,653-readexcel.py:[34]-[INFO]-read value 2,2 in sheetName login_test_date succeed
2020-06-06 12:43:02,653-readexcel.py:[34]-[INFO]-read value 2,3 in sheetName login_test_date succeed
2020-06-06 12:43:02,653-readexcel.py:[34]-[INFO]-read value 3,2 in sheetName login_test_date succeed
2020-06-06 12:43:02,653-readexcel.py:[34]-[INFO]-read value 3,3 in sheetName login_test_date succeed
2020-06-06 12:43:02,653-readexcel.py:[34]-[INFO]-read value 4,2 in sheetName login_test_date succeed
2020-06-06 12:43:02,653-readexcel.py:[34]-[INFO]-read value 4,3 in sheetName login_test_date succeed
2020-06-06 12:43:02,653-readexcel.py:[34]-[INFO]-read value 5,2 in sheetName login_test_date succeed
2020-06-06 12:43:02,653-readexcel.py:[34]-[INFO]-read value 5,3 in sheetName login_test_date succeed
2020-06-06 12:43:02,655-driver.py:[12]-[ERROR]-FireFoxDriverServer.exe executable needs to be in PATH. Please download!
Traceback (most recent call last):
  File "C:\Users\Administrator\PycharmProjects\untitled\venv\lib\site-packages\selenium\webdriver\common\service.py", line 76, in start
    stdin=PIPE)
  File "C:\Users\Administrator\AppData\Local\Programs\Python\Python37\lib\subprocess.py", line 775, in __init__
    restore_signals, start_new_session)
  File "C:\Users\Administrator\AppData\Local\Programs\Python\Python37\lib\subprocess.py", line 1178, in _execute_child
    startupinfo)
FileNotFoundError: [WinError 2] 系统找不到指定的文件。

During handling of the above exception, another exception occurred:

Traceback (most recent call last):
  File "D:\PycharmProjects1\xiaozutest\retail\test_case\models\driver.py", line 10, in fireFoxDriver
    self.driver = webdriver.Firefox()
  File "C:\Users\Administrator\PycharmProjects\untitled\venv\lib\site-packages\selenium\webdriver\firefox\webdriver.py", line 164, in __init__
    self.service.start()
  File "C:\Users\Administrator\PycharmProjects\untitled\venv\lib\site-packages\selenium\webdriver\common\service.py", line 83, in start
    os.path.basename(self.path), self.start_error_message)
selenium.common.exceptions.WebDriverException: Message: 'geckodriver' executable needs to be in PATH. 

2020-06-06 12:50:08,743-doconfini.py:[18]-[INFO]-read excel value [D:\PycharmProjects1\xiaozutest] succeed! 
2020-06-06 12:50:08,783-testreport.py:[33]-[INFO]-generate test report D:\PycharmProjects1\xiaozutest\retail\report\testreport\普通测试报告2020-06-06 12-50-08.html succeed
2020-06-06 12:50:08,864-readexcel.py:[25]-[INFO]-reading home_page_elements succeed 
2020-06-06 12:50:08,867-readexcel.py:[25]-[INFO]-reading login_page_elements succeed 
2020-06-06 12:50:08,871-readexcel.py:[25]-[INFO]-reading login_test_date succeed 
2020-06-06 12:50:08,871-readexcel.py:[34]-[INFO]-read value 1,2 in sheetName home_page_elements succeed
2020-06-06 12:50:08,871-readexcel.py:[34]-[INFO]-read value 1,3 in sheetName home_page_elements succeed
2020-06-06 12:50:08,871-readexcel.py:[34]-[INFO]-read value 2,2 in sheetName home_page_elements succeed
2020-06-06 12:50:08,871-readexcel.py:[34]-[INFO]-read value 2,3 in sheetName home_page_elements succeed
2020-06-06 12:50:08,872-readexcel.py:[34]-[INFO]-read value 3,2 in sheetName home_page_elements succeed
2020-06-06 12:50:08,872-readexcel.py:[34]-[INFO]-read value 3,3 in sheetName home_page_elements succeed
2020-06-06 12:50:08,872-readexcel.py:[34]-[INFO]-read value 4,2 in sheetName home_page_elements succeed
2020-06-06 12:50:08,872-readexcel.py:[34]-[INFO]-read value 5,3 in sheetName home_page_elements succeed
2020-06-06 12:50:08,872-readexcel.py:[34]-[INFO]-read value 5,2 in sheetName home_page_elements succeed
2020-06-06 12:50:08,872-readexcel.py:[34]-[INFO]-read value 5,3 in sheetName home_page_elements succeed
2020-06-06 12:50:08,872-readexcel.py:[34]-[INFO]-read value 6,2 in sheetName home_page_elements succeed
2020-06-06 12:50:08,872-readexcel.py:[34]-[INFO]-read value 6,3 in sheetName home_page_elements succeed
2020-06-06 12:50:08,872-readexcel.py:[34]-[INFO]-read value 7,2 in sheetName home_page_elements succeed
2020-06-06 12:50:08,872-readexcel.py:[34]-[INFO]-read value 7,3 in sheetName home_page_elements succeed
2020-06-06 12:50:08,872-readexcel.py:[34]-[INFO]-read value 8,2 in sheetName home_page_elements succeed
2020-06-06 12:50:08,872-readexcel.py:[34]-[INFO]-read value 8,3 in sheetName home_page_elements succeed
2020-06-06 12:50:08,872-readexcel.py:[34]-[INFO]-read value 9,2 in sheetName home_page_elements succeed
2020-06-06 12:50:08,872-readexcel.py:[34]-[INFO]-read value 9,3 in sheetName home_page_elements succeed
2020-06-06 12:50:08,872-readexcel.py:[34]-[INFO]-read value 10,2 in sheetName home_page_elements succeed
2020-06-06 12:50:08,872-readexcel.py:[34]-[INFO]-read value 10,3 in sheetName home_page_elements succeed
2020-06-06 12:50:08,872-readexcel.py:[34]-[INFO]-read value 11,2 in sheetName home_page_elements succeed
2020-06-06 12:50:08,872-readexcel.py:[34]-[INFO]-read value 11,3 in sheetName home_page_elements succeed
2020-06-06 12:50:08,872-readexcel.py:[34]-[INFO]-read value 1,2 in sheetName login_page_elements succeed
2020-06-06 12:50:08,872-readexcel.py:[34]-[INFO]-read value 1,3 in sheetName login_page_elements succeed
2020-06-06 12:50:08,872-readexcel.py:[34]-[INFO]-read value 2,2 in sheetName login_page_elements succeed
2020-06-06 12:50:08,873-readexcel.py:[34]-[INFO]-read value 2,3 in sheetName login_page_elements succeed
2020-06-06 12:50:08,873-readexcel.py:[34]-[INFO]-read value 3,2 in sheetName login_page_elements succeed
2020-06-06 12:50:08,873-readexcel.py:[34]-[INFO]-read value 3,3 in sheetName login_page_elements succeed
2020-06-06 12:50:08,873-readexcel.py:[34]-[INFO]-read value 4,2 in sheetName login_page_elements succeed
2020-06-06 12:50:08,873-readexcel.py:[34]-[INFO]-read value 4,3 in sheetName login_page_elements succeed
2020-06-06 12:50:08,873-readexcel.py:[34]-[INFO]-read value 5,2 in sheetName login_page_elements succeed
2020-06-06 12:50:08,873-readexcel.py:[34]-[INFO]-read value 5,3 in sheetName login_page_elements succeed
2020-06-06 12:50:08,873-readexcel.py:[34]-[INFO]-read value 6,2 in sheetName login_page_elements succeed
2020-06-06 12:50:08,873-readexcel.py:[34]-[INFO]-read value 6,3 in sheetName login_page_elements succeed
2020-06-06 12:50:08,873-readexcel.py:[34]-[INFO]-read value 7,2 in sheetName login_page_elements succeed
2020-06-06 12:50:08,873-readexcel.py:[34]-[INFO]-read value 7,3 in sheetName login_page_elements succeed
2020-06-06 12:50:08,873-readexcel.py:[34]-[INFO]-read value 8,2 in sheetName login_page_elements succeed
2020-06-06 12:50:08,873-readexcel.py:[34]-[INFO]-read value 8,3 in sheetName login_page_elements succeed
2020-06-06 12:50:08,873-readexcel.py:[34]-[INFO]-read value 9,2 in sheetName login_page_elements succeed
2020-06-06 12:50:08,873-readexcel.py:[34]-[INFO]-read value 9,3 in sheetName login_page_elements succeed
2020-06-06 12:50:08,873-readexcel.py:[34]-[INFO]-read value 10,2 in sheetName login_page_elements succeed
2020-06-06 12:50:08,873-readexcel.py:[34]-[INFO]-read value 10,3 in sheetName login_page_elements succeed
2020-06-06 12:50:08,873-readexcel.py:[34]-[INFO]-read value 11,2 in sheetName login_page_elements succeed
2020-06-06 12:50:08,873-readexcel.py:[34]-[INFO]-read value 11,3 in sheetName login_page_elements succeed
2020-06-06 12:50:08,873-readexcel.py:[34]-[INFO]-read value 12,2 in sheetName login_page_elements succeed
2020-06-06 12:50:08,873-readexcel.py:[34]-[INFO]-read value 12,3 in sheetName login_page_elements succeed
2020-06-06 12:50:08,873-readexcel.py:[34]-[INFO]-read value 13,2 in sheetName login_page_elements succeed
2020-06-06 12:50:08,873-readexcel.py:[34]-[INFO]-read value 13,3 in sheetName login_page_elements succeed
2020-06-06 12:50:08,873-readexcel.py:[34]-[INFO]-read value 14,2 in sheetName login_page_elements succeed
2020-06-06 12:50:08,873-readexcel.py:[34]-[INFO]-read value 14,3 in sheetName login_page_elements succeed
2020-06-06 12:50:08,874-readexcel.py:[34]-[INFO]-read value 15,2 in sheetName login_page_elements succeed
2020-06-06 12:50:08,874-readexcel.py:[34]-[INFO]-read value 15,3 in sheetName login_page_elements succeed
2020-06-06 12:50:08,874-readexcel.py:[34]-[INFO]-read value 16,2 in sheetName login_page_elements succeed
2020-06-06 12:50:08,874-readexcel.py:[34]-[INFO]-read value 16,3 in sheetName login_page_elements succeed
2020-06-06 12:50:08,874-readexcel.py:[34]-[INFO]-read value 17,2 in sheetName login_page_elements succeed
2020-06-06 12:50:08,874-readexcel.py:[34]-[INFO]-read value 17,3 in sheetName login_page_elements succeed
2020-06-06 12:50:08,874-readexcel.py:[34]-[INFO]-read value 31,2 in sheetName login_page_elements succeed
2020-06-06 12:50:08,874-readexcel.py:[34]-[INFO]-read value 31,3 in sheetName login_page_elements succeed
2020-06-06 12:50:08,874-readexcel.py:[34]-[INFO]-read value 1,2 in sheetName login_test_date succeed
2020-06-06 12:50:08,874-readexcel.py:[34]-[INFO]-read value 1,3 in sheetName login_test_date succeed
2020-06-06 12:50:08,874-readexcel.py:[34]-[INFO]-read value 2,2 in sheetName login_test_date succeed
2020-06-06 12:50:08,874-readexcel.py:[34]-[INFO]-read value 2,3 in sheetName login_test_date succeed
2020-06-06 12:50:08,874-readexcel.py:[34]-[INFO]-read value 3,2 in sheetName login_test_date succeed
2020-06-06 12:50:08,874-readexcel.py:[34]-[INFO]-read value 3,3 in sheetName login_test_date succeed
2020-06-06 12:50:08,874-readexcel.py:[34]-[INFO]-read value 4,2 in sheetName login_test_date succeed
2020-06-06 12:50:08,874-readexcel.py:[34]-[INFO]-read value 4,3 in sheetName login_test_date succeed
2020-06-06 12:50:08,874-readexcel.py:[34]-[INFO]-read value 5,2 in sheetName login_test_date succeed
2020-06-06 12:50:08,874-readexcel.py:[34]-[INFO]-read value 5,3 in sheetName login_test_date succeed
2020-06-06 12:50:08,876-driver.py:[12]-[ERROR]-FireFoxDriverServer.exe executable needs to be in PATH. Please download!
Traceback (most recent call last):
  File "C:\Users\Administrator\AppData\Local\Programs\Python\Python37\lib\site-packages\selenium\webdriver\common\service.py", line 76, in start
    stdin=PIPE)
  File "C:\Users\Administrator\AppData\Local\Programs\Python\Python37\lib\subprocess.py", line 775, in __init__
    restore_signals, start_new_session)
  File "C:\Users\Administrator\AppData\Local\Programs\Python\Python37\lib\subprocess.py", line 1178, in _execute_child
    startupinfo)
FileNotFoundError: [WinError 2] 系统找不到指定的文件。

During handling of the above exception, another exception occurred:

Traceback (most recent call last):
  File "D:\PycharmProjects1\xiaozutest\retail\test_case\models\driver.py", line 10, in fireFoxDriver
    self.driver = webdriver.Firefox()
  File "C:\Users\Administrator\AppData\Local\Programs\Python\Python37\lib\site-packages\selenium\webdriver\firefox\webdriver.py", line 164, in __init__
    self.service.start()
  File "C:\Users\Administrator\AppData\Local\Programs\Python\Python37\lib\site-packages\selenium\webdriver\common\service.py", line 83, in start
    os.path.basename(self.path), self.start_error_message)
selenium.common.exceptions.WebDriverException: Message: 'geckodriver' executable needs to be in PATH. 

2020-06-06 13:54:38,469-doconfini.py:[18]-[INFO]-read excel value [D:\PycharmProjects1\xiaozutest] succeed! 
2020-06-06 13:54:38,524-testreport.py:[33]-[INFO]-generate test report D:\PycharmProjects1\xiaozutest\retail\report\testreport\普通测试报告2020-06-06 13-54-38.html succeed
2020-06-06 13:54:38,620-readexcel.py:[25]-[INFO]-reading home_page_elements succeed 
2020-06-06 13:54:38,624-readexcel.py:[25]-[INFO]-reading login_page_elements succeed 
2020-06-06 13:54:38,628-readexcel.py:[25]-[INFO]-reading login_test_date succeed 
2020-06-06 13:54:38,628-readexcel.py:[34]-[INFO]-read value 1,2 in sheetName home_page_elements succeed
2020-06-06 13:54:38,628-readexcel.py:[34]-[INFO]-read value 1,3 in sheetName home_page_elements succeed
2020-06-06 13:54:38,628-readexcel.py:[34]-[INFO]-read value 2,2 in sheetName home_page_elements succeed
2020-06-06 13:54:38,628-readexcel.py:[34]-[INFO]-read value 2,3 in sheetName home_page_elements succeed
2020-06-06 13:54:38,628-readexcel.py:[34]-[INFO]-read value 3,2 in sheetName home_page_elements succeed
2020-06-06 13:54:38,628-readexcel.py:[34]-[INFO]-read value 3,3 in sheetName home_page_elements succeed
2020-06-06 13:54:38,628-readexcel.py:[34]-[INFO]-read value 4,2 in sheetName home_page_elements succeed
2020-06-06 13:54:38,628-readexcel.py:[34]-[INFO]-read value 5,3 in sheetName home_page_elements succeed
2020-06-06 13:54:38,628-readexcel.py:[34]-[INFO]-read value 5,2 in sheetName home_page_elements succeed
2020-06-06 13:54:38,628-readexcel.py:[34]-[INFO]-read value 5,3 in sheetName home_page_elements succeed
2020-06-06 13:54:38,629-readexcel.py:[34]-[INFO]-read value 6,2 in sheetName home_page_elements succeed
2020-06-06 13:54:38,629-readexcel.py:[34]-[INFO]-read value 6,3 in sheetName home_page_elements succeed
2020-06-06 13:54:38,629-readexcel.py:[34]-[INFO]-read value 7,2 in sheetName home_page_elements succeed
2020-06-06 13:54:38,629-readexcel.py:[34]-[INFO]-read value 7,3 in sheetName home_page_elements succeed
2020-06-06 13:54:38,629-readexcel.py:[34]-[INFO]-read value 8,2 in sheetName home_page_elements succeed
2020-06-06 13:54:38,629-readexcel.py:[34]-[INFO]-read value 8,3 in sheetName home_page_elements succeed
2020-06-06 13:54:38,629-readexcel.py:[34]-[INFO]-read value 9,2 in sheetName home_page_elements succeed
2020-06-06 13:54:38,629-readexcel.py:[34]-[INFO]-read value 9,3 in sheetName home_page_elements succeed
2020-06-06 13:54:38,629-readexcel.py:[34]-[INFO]-read value 10,2 in sheetName home_page_elements succeed
2020-06-06 13:54:38,629-readexcel.py:[34]-[INFO]-read value 10,3 in sheetName home_page_elements succeed
2020-06-06 13:54:38,629-readexcel.py:[34]-[INFO]-read value 11,2 in sheetName home_page_elements succeed
2020-06-06 13:54:38,629-readexcel.py:[34]-[INFO]-read value 11,3 in sheetName home_page_elements succeed
2020-06-06 13:54:38,629-readexcel.py:[34]-[INFO]-read value 1,2 in sheetName login_page_elements succeed
2020-06-06 13:54:38,629-readexcel.py:[34]-[INFO]-read value 1,3 in sheetName login_page_elements succeed
2020-06-06 13:54:38,629-readexcel.py:[34]-[INFO]-read value 2,2 in sheetName login_page_elements succeed
2020-06-06 13:54:38,629-readexcel.py:[34]-[INFO]-read value 2,3 in sheetName login_page_elements succeed
2020-06-06 13:54:38,629-readexcel.py:[34]-[INFO]-read value 3,2 in sheetName login_page_elements succeed
2020-06-06 13:54:38,629-readexcel.py:[34]-[INFO]-read value 3,3 in sheetName login_page_elements succeed
2020-06-06 13:54:38,629-readexcel.py:[34]-[INFO]-read value 4,2 in sheetName login_page_elements succeed
2020-06-06 13:54:38,629-readexcel.py:[34]-[INFO]-read value 4,3 in sheetName login_page_elements succeed
2020-06-06 13:54:38,630-readexcel.py:[34]-[INFO]-read value 5,2 in sheetName login_page_elements succeed
2020-06-06 13:54:38,630-readexcel.py:[34]-[INFO]-read value 5,3 in sheetName login_page_elements succeed
2020-06-06 13:54:38,630-readexcel.py:[34]-[INFO]-read value 6,2 in sheetName login_page_elements succeed
2020-06-06 13:54:38,630-readexcel.py:[34]-[INFO]-read value 6,3 in sheetName login_page_elements succeed
2020-06-06 13:54:38,630-readexcel.py:[34]-[INFO]-read value 7,2 in sheetName login_page_elements succeed
2020-06-06 13:54:38,630-readexcel.py:[34]-[INFO]-read value 7,3 in sheetName login_page_elements succeed
2020-06-06 13:54:38,630-readexcel.py:[34]-[INFO]-read value 8,2 in sheetName login_page_elements succeed
2020-06-06 13:54:38,630-readexcel.py:[34]-[INFO]-read value 8,3 in sheetName login_page_elements succeed
2020-06-06 13:54:38,630-readexcel.py:[34]-[INFO]-read value 9,2 in sheetName login_page_elements succeed
2020-06-06 13:54:38,630-readexcel.py:[34]-[INFO]-read value 9,3 in sheetName login_page_elements succeed
2020-06-06 13:54:38,630-readexcel.py:[34]-[INFO]-read value 10,2 in sheetName login_page_elements succeed
2020-06-06 13:54:38,630-readexcel.py:[34]-[INFO]-read value 10,3 in sheetName login_page_elements succeed
2020-06-06 13:54:38,630-readexcel.py:[34]-[INFO]-read value 11,2 in sheetName login_page_elements succeed
2020-06-06 13:54:38,630-readexcel.py:[34]-[INFO]-read value 11,3 in sheetName login_page_elements succeed
2020-06-06 13:54:38,630-readexcel.py:[34]-[INFO]-read value 12,2 in sheetName login_page_elements succeed
2020-06-06 13:54:38,630-readexcel.py:[34]-[INFO]-read value 12,3 in sheetName login_page_elements succeed
2020-06-06 13:54:38,630-readexcel.py:[34]-[INFO]-read value 13,2 in sheetName login_page_elements succeed
2020-06-06 13:54:38,630-readexcel.py:[34]-[INFO]-read value 13,3 in sheetName login_page_elements succeed
2020-06-06 13:54:38,630-readexcel.py:[34]-[INFO]-read value 14,2 in sheetName login_page_elements succeed
2020-06-06 13:54:38,630-readexcel.py:[34]-[INFO]-read value 14,3 in sheetName login_page_elements succeed
2020-06-06 13:54:38,630-readexcel.py:[34]-[INFO]-read value 15,2 in sheetName login_page_elements succeed
2020-06-06 13:54:38,630-readexcel.py:[34]-[INFO]-read value 15,3 in sheetName login_page_elements succeed
2020-06-06 13:54:38,630-readexcel.py:[34]-[INFO]-read value 16,2 in sheetName login_page_elements succeed
2020-06-06 13:54:38,630-readexcel.py:[34]-[INFO]-read value 16,3 in sheetName login_page_elements succeed
2020-06-06 13:54:38,631-readexcel.py:[34]-[INFO]-read value 17,2 in sheetName login_page_elements succeed
2020-06-06 13:54:38,631-readexcel.py:[34]-[INFO]-read value 17,3 in sheetName login_page_elements succeed
2020-06-06 13:54:38,631-readexcel.py:[34]-[INFO]-read value 31,2 in sheetName login_page_elements succeed
2020-06-06 13:54:38,631-readexcel.py:[34]-[INFO]-read value 31,3 in sheetName login_page_elements succeed
2020-06-06 13:54:38,631-readexcel.py:[34]-[INFO]-read value 1,2 in sheetName login_test_date succeed
2020-06-06 13:54:38,631-readexcel.py:[34]-[INFO]-read value 1,3 in sheetName login_test_date succeed
2020-06-06 13:54:38,631-readexcel.py:[34]-[INFO]-read value 2,2 in sheetName login_test_date succeed
2020-06-06 13:54:38,631-readexcel.py:[34]-[INFO]-read value 2,3 in sheetName login_test_date succeed
2020-06-06 13:54:38,631-readexcel.py:[34]-[INFO]-read value 3,2 in sheetName login_test_date succeed
2020-06-06 13:54:38,631-readexcel.py:[34]-[INFO]-read value 3,3 in sheetName login_test_date succeed
2020-06-06 13:54:38,631-readexcel.py:[34]-[INFO]-read value 4,2 in sheetName login_test_date succeed
2020-06-06 13:54:38,631-readexcel.py:[34]-[INFO]-read value 4,3 in sheetName login_test_date succeed
2020-06-06 13:54:38,631-readexcel.py:[34]-[INFO]-read value 5,2 in sheetName login_test_date succeed
2020-06-06 13:54:38,631-readexcel.py:[34]-[INFO]-read value 5,3 in sheetName login_test_date succeed
2020-06-06 13:54:45,792-driver.py:[15]-[INFO]-fireFoxDriver:found the Firefox driver [<selenium.webdriver.firefox.webdriver.WebDriver (session="6ecc95e3-d0fb-42c5-aed5-bc7ba04ba810")>] succeed !
2020-06-06 13:54:46,067-myunittest.py:[15]-[INFO]-open the browser succeed
2020-06-06 13:54:50,465-base_page.py:[50]-[INFO]-_open open url http://xiaozu365.com succeed
2020-06-06 13:54:50,465-base_page.py:[55]-[INFO]-open url http://xiaozu365.com succeed
2020-06-06 13:54:50,465-myunittest.py:[21]-[INFO]-start run test case
2020-06-06 13:54:50,485-base_page.py:[67]-[INFO]-find element succeed
2020-06-06 13:54:53,030-base_page.py:[67]-[INFO]-find element succeed
2020-06-06 13:54:53,060-base_page.py:[88]-[INFO]-element ('xpath', '//*[@id="app"]/div/div/div/div/div[1]/form/div[1]/div/div/input') has be receive value 15757181215
2020-06-06 13:54:53,076-base_page.py:[67]-[INFO]-find element succeed
2020-06-06 13:54:53,100-base_page.py:[88]-[INFO]-element ('xpath', '//*[@id="app"]/div/div/div/div/div[1]/form/div[2]/div/div/input') has be receive value 111111
2020-06-06 13:54:53,116-base_page.py:[67]-[INFO]-find element succeed
2020-06-06 13:54:53,332-login_page.py:[63]-[INFO]-clickLogin logging ....
2020-06-06 13:54:55,760-base_page.py:[203]-[INFO]-save screenshot test_login_succeed_correct_user_password_pass.png succeed
2020-06-06 13:54:56,761-loginTc.py:[26]-[INFO]-test_login_succeed_correct_user_password test completed 
2020-06-06 13:54:56,765-myunittest.py:[26]-[INFO]-test case run completed
2020-06-06 13:54:58,141-base_page.py:[50]-[INFO]-_open open url http://xiaozu365.com succeed
2020-06-06 13:54:58,141-base_page.py:[55]-[INFO]-open url http://xiaozu365.com succeed
2020-06-06 13:54:58,141-myunittest.py:[21]-[INFO]-start run test case
2020-06-06 13:54:58,171-base_page.py:[67]-[INFO]-find element succeed
2020-06-06 13:54:58,655-base_page.py:[193]-[INFO]-save screenshot test_login_succeed_empty_user_password_fail.png succeed
2020-06-06 13:54:59,659-myunittest.py:[26]-[INFO]-test case run completed
2020-06-06 13:55:00,993-base_page.py:[50]-[INFO]-_open open url http://xiaozu365.com succeed
2020-06-06 13:55:00,993-base_page.py:[55]-[INFO]-open url http://xiaozu365.com succeed
2020-06-06 13:55:00,993-myunittest.py:[21]-[INFO]-start run test case
2020-06-06 13:55:01,015-base_page.py:[67]-[INFO]-find element succeed
2020-06-06 13:55:01,309-base_page.py:[67]-[INFO]-find element succeed
2020-06-06 13:55:01,336-base_page.py:[88]-[INFO]-element ('xpath', '//*[@id="app"]/div/div/div/div/div[1]/form/div[1]/div/div/input') has be receive value 15757181215
2020-06-06 13:55:01,350-base_page.py:[67]-[INFO]-find element succeed
2020-06-06 13:55:01,373-base_page.py:[88]-[INFO]-element ('xpath', '//*[@id="app"]/div/div/div/div/div[1]/form/div[2]/div/div/input') has be receive value 222222
2020-06-06 13:55:01,389-base_page.py:[67]-[INFO]-find element succeed
2020-06-06 13:55:01,605-login_page.py:[63]-[INFO]-clickLogin logging ....
2020-06-06 13:55:01,638-base_page.py:[67]-[INFO]-find element succeed
2020-06-06 13:55:01,649-loginTc.py:[34]-[INFO]-el-message el-message--error el-message-fade-enter-active el-message-fade-enter-to
2020-06-06 13:55:03,838-base_page.py:[203]-[INFO]-save screenshot test_login_succeed_incorrect_user_password_pass.png succeed
2020-06-06 13:55:04,839-loginTc.py:[44]-[INFO]-test_login_succeed_incorrect_user_password test completed 
2020-06-06 13:55:04,842-myunittest.py:[26]-[INFO]-test case run completed
2020-06-06 13:55:06,098-myunittest.py:[33]-[INFO]-quit the browser succeed
2020-06-06 14:07:12,519-doconfini.py:[18]-[INFO]-read excel value [D:\PycharmProjects1\xiaozutest] succeed! 
2020-06-06 14:07:12,564-testreport.py:[33]-[INFO]-generate test report D:\PycharmProjects1\xiaozutest\retail\report\testreport\普通测试报告2020-06-06 14-07-12.html succeed
2020-06-06 14:07:12,648-readexcel.py:[25]-[INFO]-reading home_page_elements succeed 
2020-06-06 14:07:12,652-readexcel.py:[25]-[INFO]-reading login_page_elements succeed 
2020-06-06 14:07:12,655-readexcel.py:[25]-[INFO]-reading login_test_date succeed 
2020-06-06 14:07:12,656-readexcel.py:[34]-[INFO]-read value 1,2 in sheetName home_page_elements succeed
2020-06-06 14:07:12,656-readexcel.py:[34]-[INFO]-read value 1,3 in sheetName home_page_elements succeed
2020-06-06 14:07:12,656-readexcel.py:[34]-[INFO]-read value 2,2 in sheetName home_page_elements succeed
2020-06-06 14:07:12,656-readexcel.py:[34]-[INFO]-read value 2,3 in sheetName home_page_elements succeed
2020-06-06 14:07:12,656-readexcel.py:[34]-[INFO]-read value 3,2 in sheetName home_page_elements succeed
2020-06-06 14:07:12,656-readexcel.py:[34]-[INFO]-read value 3,3 in sheetName home_page_elements succeed
2020-06-06 14:07:12,656-readexcel.py:[34]-[INFO]-read value 4,2 in sheetName home_page_elements succeed
2020-06-06 14:07:12,656-readexcel.py:[34]-[INFO]-read value 5,3 in sheetName home_page_elements succeed
2020-06-06 14:07:12,656-readexcel.py:[34]-[INFO]-read value 5,2 in sheetName home_page_elements succeed
2020-06-06 14:07:12,656-readexcel.py:[34]-[INFO]-read value 5,3 in sheetName home_page_elements succeed
2020-06-06 14:07:12,656-readexcel.py:[34]-[INFO]-read value 6,2 in sheetName home_page_elements succeed
2020-06-06 14:07:12,656-readexcel.py:[34]-[INFO]-read value 6,3 in sheetName home_page_elements succeed
2020-06-06 14:07:12,656-readexcel.py:[34]-[INFO]-read value 7,2 in sheetName home_page_elements succeed
2020-06-06 14:07:12,656-readexcel.py:[34]-[INFO]-read value 7,3 in sheetName home_page_elements succeed
2020-06-06 14:07:12,656-readexcel.py:[34]-[INFO]-read value 8,2 in sheetName home_page_elements succeed
2020-06-06 14:07:12,656-readexcel.py:[34]-[INFO]-read value 8,3 in sheetName home_page_elements succeed
2020-06-06 14:07:12,656-readexcel.py:[34]-[INFO]-read value 9,2 in sheetName home_page_elements succeed
2020-06-06 14:07:12,656-readexcel.py:[34]-[INFO]-read value 9,3 in sheetName home_page_elements succeed
2020-06-06 14:07:12,656-readexcel.py:[34]-[INFO]-read value 10,2 in sheetName home_page_elements succeed
2020-06-06 14:07:12,656-readexcel.py:[34]-[INFO]-read value 10,3 in sheetName home_page_elements succeed
2020-06-06 14:07:12,656-readexcel.py:[34]-[INFO]-read value 11,2 in sheetName home_page_elements succeed
2020-06-06 14:07:12,656-readexcel.py:[34]-[INFO]-read value 11,3 in sheetName home_page_elements succeed
2020-06-06 14:07:12,657-readexcel.py:[34]-[INFO]-read value 1,2 in sheetName login_page_elements succeed
2020-06-06 14:07:12,657-readexcel.py:[34]-[INFO]-read value 1,3 in sheetName login_page_elements succeed
2020-06-06 14:07:12,657-readexcel.py:[34]-[INFO]-read value 2,2 in sheetName login_page_elements succeed
2020-06-06 14:07:12,657-readexcel.py:[34]-[INFO]-read value 2,3 in sheetName login_page_elements succeed
2020-06-06 14:07:12,657-readexcel.py:[34]-[INFO]-read value 3,2 in sheetName login_page_elements succeed
2020-06-06 14:07:12,657-readexcel.py:[34]-[INFO]-read value 3,3 in sheetName login_page_elements succeed
2020-06-06 14:07:12,657-readexcel.py:[34]-[INFO]-read value 4,2 in sheetName login_page_elements succeed
2020-06-06 14:07:12,657-readexcel.py:[34]-[INFO]-read value 4,3 in sheetName login_page_elements succeed
2020-06-06 14:07:12,657-readexcel.py:[34]-[INFO]-read value 5,2 in sheetName login_page_elements succeed
2020-06-06 14:07:12,657-readexcel.py:[34]-[INFO]-read value 5,3 in sheetName login_page_elements succeed
2020-06-06 14:07:12,657-readexcel.py:[34]-[INFO]-read value 6,2 in sheetName login_page_elements succeed
2020-06-06 14:07:12,657-readexcel.py:[34]-[INFO]-read value 6,3 in sheetName login_page_elements succeed
2020-06-06 14:07:12,657-readexcel.py:[34]-[INFO]-read value 7,2 in sheetName login_page_elements succeed
2020-06-06 14:07:12,657-readexcel.py:[34]-[INFO]-read value 7,3 in sheetName login_page_elements succeed
2020-06-06 14:07:12,657-readexcel.py:[34]-[INFO]-read value 8,2 in sheetName login_page_elements succeed
2020-06-06 14:07:12,657-readexcel.py:[34]-[INFO]-read value 8,3 in sheetName login_page_elements succeed
2020-06-06 14:07:12,657-readexcel.py:[34]-[INFO]-read value 9,2 in sheetName login_page_elements succeed
2020-06-06 14:07:12,657-readexcel.py:[34]-[INFO]-read value 9,3 in sheetName login_page_elements succeed
2020-06-06 14:07:12,657-readexcel.py:[34]-[INFO]-read value 10,2 in sheetName login_page_elements succeed
2020-06-06 14:07:12,657-readexcel.py:[34]-[INFO]-read value 10,3 in sheetName login_page_elements succeed
2020-06-06 14:07:12,658-readexcel.py:[34]-[INFO]-read value 11,2 in sheetName login_page_elements succeed
2020-06-06 14:07:12,658-readexcel.py:[34]-[INFO]-read value 11,3 in sheetName login_page_elements succeed
2020-06-06 14:07:12,658-readexcel.py:[34]-[INFO]-read value 12,2 in sheetName login_page_elements succeed
2020-06-06 14:07:12,658-readexcel.py:[34]-[INFO]-read value 12,3 in sheetName login_page_elements succeed
2020-06-06 14:07:12,658-readexcel.py:[34]-[INFO]-read value 13,2 in sheetName login_page_elements succeed
2020-06-06 14:07:12,658-readexcel.py:[34]-[INFO]-read value 13,3 in sheetName login_page_elements succeed
2020-06-06 14:07:12,658-readexcel.py:[34]-[INFO]-read value 14,2 in sheetName login_page_elements succeed
2020-06-06 14:07:12,658-readexcel.py:[34]-[INFO]-read value 14,3 in sheetName login_page_elements succeed
2020-06-06 14:07:12,658-readexcel.py:[34]-[INFO]-read value 15,2 in sheetName login_page_elements succeed
2020-06-06 14:07:12,658-readexcel.py:[34]-[INFO]-read value 15,3 in sheetName login_page_elements succeed
2020-06-06 14:07:12,658-readexcel.py:[34]-[INFO]-read value 16,2 in sheetName login_page_elements succeed
2020-06-06 14:07:12,658-readexcel.py:[34]-[INFO]-read value 16,3 in sheetName login_page_elements succeed
2020-06-06 14:07:12,658-readexcel.py:[34]-[INFO]-read value 17,2 in sheetName login_page_elements succeed
2020-06-06 14:07:12,658-readexcel.py:[34]-[INFO]-read value 17,3 in sheetName login_page_elements succeed
2020-06-06 14:07:12,658-readexcel.py:[34]-[INFO]-read value 31,2 in sheetName login_page_elements succeed
2020-06-06 14:07:12,658-readexcel.py:[34]-[INFO]-read value 31,3 in sheetName login_page_elements succeed
2020-06-06 14:07:12,659-readexcel.py:[34]-[INFO]-read value 1,2 in sheetName login_test_date succeed
2020-06-06 14:07:12,659-readexcel.py:[34]-[INFO]-read value 1,3 in sheetName login_test_date succeed
2020-06-06 14:07:12,659-readexcel.py:[34]-[INFO]-read value 2,2 in sheetName login_test_date succeed
2020-06-06 14:07:12,659-readexcel.py:[34]-[INFO]-read value 2,3 in sheetName login_test_date succeed
2020-06-06 14:07:12,659-readexcel.py:[34]-[INFO]-read value 3,2 in sheetName login_test_date succeed
2020-06-06 14:07:12,659-readexcel.py:[34]-[INFO]-read value 3,3 in sheetName login_test_date succeed
2020-06-06 14:07:12,659-readexcel.py:[34]-[INFO]-read value 4,2 in sheetName login_test_date succeed
2020-06-06 14:07:12,659-readexcel.py:[34]-[INFO]-read value 4,3 in sheetName login_test_date succeed
2020-06-06 14:07:12,659-readexcel.py:[34]-[INFO]-read value 5,2 in sheetName login_test_date succeed
2020-06-06 14:07:12,659-readexcel.py:[34]-[INFO]-read value 5,3 in sheetName login_test_date succeed
2020-06-06 14:07:18,481-driver.py:[15]-[INFO]-fireFoxDriver:found the Firefox driver [<selenium.webdriver.firefox.webdriver.WebDriver (session="0466c340-0762-4992-88b3-9018f22ace96")>] succeed !
2020-06-06 14:07:18,770-myunittest.py:[15]-[INFO]-open the browser succeed
2020-06-06 14:07:24,215-base_page.py:[50]-[INFO]-_open open url http://xiaozu365.com succeed
2020-06-06 14:07:24,216-base_page.py:[55]-[INFO]-open url http://xiaozu365.com succeed
2020-06-06 14:07:24,216-myunittest.py:[21]-[INFO]-start run test case
2020-06-06 14:07:24,233-base_page.py:[67]-[INFO]-find element succeed
2020-06-06 14:07:27,279-base_page.py:[67]-[INFO]-find element succeed
2020-06-06 14:07:27,316-base_page.py:[88]-[INFO]-element ('xpath', '//*[@id="app"]/div/div/div/div/div[1]/form/div[1]/div/div/input') has be receive value 15757181215
2020-06-06 14:07:27,333-base_page.py:[67]-[INFO]-find element succeed
2020-06-06 14:07:27,361-base_page.py:[88]-[INFO]-element ('xpath', '//*[@id="app"]/div/div/div/div/div[1]/form/div[2]/div/div/input') has be receive value 111111
2020-06-06 14:07:27,375-base_page.py:[67]-[INFO]-find element succeed
2020-06-06 14:07:27,589-login_page.py:[63]-[INFO]-clickLogin logging ....
2020-06-06 14:07:29,883-base_page.py:[203]-[INFO]-save screenshot test_login_succeed_correct_user_password_pass.png succeed
2020-06-06 14:07:30,883-loginTc.py:[26]-[INFO]-test_login_succeed_correct_user_password test completed 
2020-06-06 14:07:30,887-myunittest.py:[26]-[INFO]-test case run completed
2020-06-06 14:07:32,160-base_page.py:[50]-[INFO]-_open open url http://xiaozu365.com succeed
2020-06-06 14:07:32,160-base_page.py:[55]-[INFO]-open url http://xiaozu365.com succeed
2020-06-06 14:07:32,160-myunittest.py:[21]-[INFO]-start run test case
2020-06-06 14:07:32,182-base_page.py:[67]-[INFO]-find element succeed
2020-06-06 14:07:32,482-base_page.py:[67]-[INFO]-find element succeed
2020-06-06 14:07:32,516-base_page.py:[88]-[INFO]-element ('xpath', '//*[@id="app"]/div/div/div/div/div[1]/form/div[1]/div/div/input') has be receive value 15757181215
2020-06-06 14:07:32,531-base_page.py:[67]-[INFO]-find element succeed
2020-06-06 14:07:32,546-base_page.py:[88]-[INFO]-element ('xpath', '//*[@id="app"]/div/div/div/div/div[1]/form/div[2]/div/div/input') has be receive value 
2020-06-06 14:07:32,562-base_page.py:[67]-[INFO]-find element succeed
2020-06-06 14:07:32,780-login_page.py:[63]-[INFO]-clickLogin logging ....
2020-06-06 14:07:33,983-base_page.py:[193]-[INFO]-save screenshot test_login_succeed_empty_user_password_fail.png succeed
2020-06-06 14:07:34,987-myunittest.py:[26]-[INFO]-test case run completed
2020-06-06 14:07:36,659-base_page.py:[50]-[INFO]-_open open url http://xiaozu365.com succeed
2020-06-06 14:07:36,659-base_page.py:[55]-[INFO]-open url http://xiaozu365.com succeed
2020-06-06 14:07:36,660-myunittest.py:[21]-[INFO]-start run test case
2020-06-06 14:07:36,696-base_page.py:[67]-[INFO]-find element succeed
2020-06-06 14:07:37,075-base_page.py:[67]-[INFO]-find element succeed
2020-06-06 14:07:37,105-base_page.py:[88]-[INFO]-element ('xpath', '//*[@id="app"]/div/div/div/div/div[1]/form/div[1]/div/div/input') has be receive value 15757181215
2020-06-06 14:07:37,120-base_page.py:[67]-[INFO]-find element succeed
2020-06-06 14:07:37,147-base_page.py:[88]-[INFO]-element ('xpath', '//*[@id="app"]/div/div/div/div/div[1]/form/div[2]/div/div/input') has be receive value 222222
2020-06-06 14:07:37,161-base_page.py:[67]-[INFO]-find element succeed
2020-06-06 14:07:37,377-login_page.py:[63]-[INFO]-clickLogin logging ....
2020-06-06 14:07:37,391-base_page.py:[67]-[INFO]-find element succeed
2020-06-06 14:07:37,399-loginTc.py:[34]-[INFO]-el-message el-message--error el-message-fade-enter-active el-message-fade-enter-to
2020-06-06 14:07:39,567-base_page.py:[203]-[INFO]-save screenshot test_login_succeed_incorrect_user_password_pass.png succeed
2020-06-06 14:07:40,569-loginTc.py:[44]-[INFO]-test_login_succeed_incorrect_user_password test completed 
2020-06-06 14:07:40,574-myunittest.py:[26]-[INFO]-test case run completed
2020-06-06 14:07:41,543-myunittest.py:[33]-[INFO]-quit the browser succeed
2020-06-06 14:19:28,745-doconfini.py:[18]-[INFO]-read excel value [D:\PycharmProjects1\xiaozutest] succeed! 
2020-06-06 14:19:28,787-testreport.py:[33]-[INFO]-generate test report D:\PycharmProjects1\xiaozutest\retail\report\testreport\普通测试报告2020-06-06 14-19-28.html succeed
2020-06-06 14:19:28,873-readexcel.py:[25]-[INFO]-reading home_page_elements succeed 
2020-06-06 14:19:28,877-readexcel.py:[25]-[INFO]-reading login_page_elements succeed 
2020-06-06 14:19:28,879-readexcel.py:[25]-[INFO]-reading login_test_date succeed 
2020-06-06 14:19:28,879-readexcel.py:[34]-[INFO]-read value 1,2 in sheetName home_page_elements succeed
2020-06-06 14:19:28,879-readexcel.py:[34]-[INFO]-read value 1,3 in sheetName home_page_elements succeed
2020-06-06 14:19:28,880-readexcel.py:[34]-[INFO]-read value 2,2 in sheetName home_page_elements succeed
2020-06-06 14:19:28,880-readexcel.py:[34]-[INFO]-read value 2,3 in sheetName home_page_elements succeed
2020-06-06 14:19:28,880-readexcel.py:[34]-[INFO]-read value 3,2 in sheetName home_page_elements succeed
2020-06-06 14:19:28,880-readexcel.py:[34]-[INFO]-read value 3,3 in sheetName home_page_elements succeed
2020-06-06 14:19:28,880-readexcel.py:[34]-[INFO]-read value 4,2 in sheetName home_page_elements succeed
2020-06-06 14:19:28,880-readexcel.py:[34]-[INFO]-read value 5,3 in sheetName home_page_elements succeed
2020-06-06 14:19:28,880-readexcel.py:[34]-[INFO]-read value 5,2 in sheetName home_page_elements succeed
2020-06-06 14:19:28,880-readexcel.py:[34]-[INFO]-read value 5,3 in sheetName home_page_elements succeed
2020-06-06 14:19:28,880-readexcel.py:[34]-[INFO]-read value 6,2 in sheetName home_page_elements succeed
2020-06-06 14:19:28,880-readexcel.py:[34]-[INFO]-read value 6,3 in sheetName home_page_elements succeed
2020-06-06 14:19:28,880-readexcel.py:[34]-[INFO]-read value 7,2 in sheetName home_page_elements succeed
2020-06-06 14:19:28,880-readexcel.py:[34]-[INFO]-read value 7,3 in sheetName home_page_elements succeed
2020-06-06 14:19:28,880-readexcel.py:[34]-[INFO]-read value 8,2 in sheetName home_page_elements succeed
2020-06-06 14:19:28,880-readexcel.py:[34]-[INFO]-read value 8,3 in sheetName home_page_elements succeed
2020-06-06 14:19:28,880-readexcel.py:[34]-[INFO]-read value 9,2 in sheetName home_page_elements succeed
2020-06-06 14:19:28,880-readexcel.py:[34]-[INFO]-read value 9,3 in sheetName home_page_elements succeed
2020-06-06 14:19:28,880-readexcel.py:[34]-[INFO]-read value 10,2 in sheetName home_page_elements succeed
2020-06-06 14:19:28,880-readexcel.py:[34]-[INFO]-read value 10,3 in sheetName home_page_elements succeed
2020-06-06 14:19:28,880-readexcel.py:[34]-[INFO]-read value 11,2 in sheetName home_page_elements succeed
2020-06-06 14:19:28,880-readexcel.py:[34]-[INFO]-read value 11,3 in sheetName home_page_elements succeed
2020-06-06 14:19:28,881-readexcel.py:[34]-[INFO]-read value 1,2 in sheetName login_page_elements succeed
2020-06-06 14:19:28,881-readexcel.py:[34]-[INFO]-read value 1,3 in sheetName login_page_elements succeed
2020-06-06 14:19:28,881-readexcel.py:[34]-[INFO]-read value 2,2 in sheetName login_page_elements succeed
2020-06-06 14:19:28,881-readexcel.py:[34]-[INFO]-read value 2,3 in sheetName login_page_elements succeed
2020-06-06 14:19:28,881-readexcel.py:[34]-[INFO]-read value 3,2 in sheetName login_page_elements succeed
2020-06-06 14:19:28,881-readexcel.py:[34]-[INFO]-read value 3,3 in sheetName login_page_elements succeed
2020-06-06 14:19:28,881-readexcel.py:[34]-[INFO]-read value 4,2 in sheetName login_page_elements succeed
2020-06-06 14:19:28,881-readexcel.py:[34]-[INFO]-read value 4,3 in sheetName login_page_elements succeed
2020-06-06 14:19:28,881-readexcel.py:[34]-[INFO]-read value 5,2 in sheetName login_page_elements succeed
2020-06-06 14:19:28,881-readexcel.py:[34]-[INFO]-read value 5,3 in sheetName login_page_elements succeed
2020-06-06 14:19:28,881-readexcel.py:[34]-[INFO]-read value 6,2 in sheetName login_page_elements succeed
2020-06-06 14:19:28,881-readexcel.py:[34]-[INFO]-read value 6,3 in sheetName login_page_elements succeed
2020-06-06 14:19:28,881-readexcel.py:[34]-[INFO]-read value 7,2 in sheetName login_page_elements succeed
2020-06-06 14:19:28,881-readexcel.py:[34]-[INFO]-read value 7,3 in sheetName login_page_elements succeed
2020-06-06 14:19:28,881-readexcel.py:[34]-[INFO]-read value 8,2 in sheetName login_page_elements succeed
2020-06-06 14:19:28,881-readexcel.py:[34]-[INFO]-read value 8,3 in sheetName login_page_elements succeed
2020-06-06 14:19:28,881-readexcel.py:[34]-[INFO]-read value 9,2 in sheetName login_page_elements succeed
2020-06-06 14:19:28,881-readexcel.py:[34]-[INFO]-read value 9,3 in sheetName login_page_elements succeed
2020-06-06 14:19:28,881-readexcel.py:[34]-[INFO]-read value 10,2 in sheetName login_page_elements succeed
2020-06-06 14:19:28,881-readexcel.py:[34]-[INFO]-read value 10,3 in sheetName login_page_elements succeed
2020-06-06 14:19:28,881-readexcel.py:[34]-[INFO]-read value 11,2 in sheetName login_page_elements succeed
2020-06-06 14:19:28,881-readexcel.py:[34]-[INFO]-read value 11,3 in sheetName login_page_elements succeed
2020-06-06 14:19:28,881-readexcel.py:[34]-[INFO]-read value 12,2 in sheetName login_page_elements succeed
2020-06-06 14:19:28,881-readexcel.py:[34]-[INFO]-read value 12,3 in sheetName login_page_elements succeed
2020-06-06 14:19:28,881-readexcel.py:[34]-[INFO]-read value 13,2 in sheetName login_page_elements succeed
2020-06-06 14:19:28,881-readexcel.py:[34]-[INFO]-read value 13,3 in sheetName login_page_elements succeed
2020-06-06 14:19:28,882-readexcel.py:[34]-[INFO]-read value 14,2 in sheetName login_page_elements succeed
2020-06-06 14:19:28,882-readexcel.py:[34]-[INFO]-read value 14,3 in sheetName login_page_elements succeed
2020-06-06 14:19:28,882-readexcel.py:[34]-[INFO]-read value 15,2 in sheetName login_page_elements succeed
2020-06-06 14:19:28,882-readexcel.py:[34]-[INFO]-read value 15,3 in sheetName login_page_elements succeed
2020-06-06 14:19:28,882-readexcel.py:[34]-[INFO]-read value 16,2 in sheetName login_page_elements succeed
2020-06-06 14:19:28,882-readexcel.py:[34]-[INFO]-read value 16,3 in sheetName login_page_elements succeed
2020-06-06 14:19:28,882-readexcel.py:[34]-[INFO]-read value 17,2 in sheetName login_page_elements succeed
2020-06-06 14:19:28,882-readexcel.py:[34]-[INFO]-read value 17,3 in sheetName login_page_elements succeed
2020-06-06 14:19:28,882-readexcel.py:[34]-[INFO]-read value 31,2 in sheetName login_page_elements succeed
2020-06-06 14:19:28,882-readexcel.py:[34]-[INFO]-read value 31,3 in sheetName login_page_elements succeed
2020-06-06 14:19:28,882-readexcel.py:[34]-[INFO]-read value 1,2 in sheetName login_test_date succeed
2020-06-06 14:19:28,882-readexcel.py:[34]-[INFO]-read value 1,3 in sheetName login_test_date succeed
2020-06-06 14:19:28,882-readexcel.py:[34]-[INFO]-read value 2,2 in sheetName login_test_date succeed
2020-06-06 14:19:28,882-readexcel.py:[34]-[INFO]-read value 2,3 in sheetName login_test_date succeed
2020-06-06 14:19:28,882-readexcel.py:[34]-[INFO]-read value 3,2 in sheetName login_test_date succeed
2020-06-06 14:19:28,882-readexcel.py:[34]-[INFO]-read value 3,3 in sheetName login_test_date succeed
2020-06-06 14:19:28,882-readexcel.py:[34]-[INFO]-read value 4,2 in sheetName login_test_date succeed
2020-06-06 14:19:28,882-readexcel.py:[34]-[INFO]-read value 4,3 in sheetName login_test_date succeed
2020-06-06 14:19:28,882-readexcel.py:[34]-[INFO]-read value 5,2 in sheetName login_test_date succeed
2020-06-06 14:19:28,882-readexcel.py:[34]-[INFO]-read value 5,3 in sheetName login_test_date succeed
2020-06-06 14:19:34,704-driver.py:[15]-[INFO]-fireFoxDriver:found the Firefox driver [<selenium.webdriver.firefox.webdriver.WebDriver (session="e80d8a08-8739-4ebb-85d3-51090eb4352e")>] succeed !
2020-06-06 14:19:34,976-myunittest.py:[15]-[INFO]-open the browser succeed
2020-06-06 14:19:47,574-base_page.py:[50]-[INFO]-_open open url http://xiaozu365.com succeed
2020-06-06 14:19:47,574-base_page.py:[55]-[INFO]-open url http://xiaozu365.com succeed
2020-06-06 14:19:47,574-myunittest.py:[21]-[INFO]-start run test case
2020-06-06 14:19:47,594-base_page.py:[67]-[INFO]-find element succeed
2020-06-06 14:19:50,039-base_page.py:[67]-[INFO]-find element succeed
2020-06-06 14:19:50,079-base_page.py:[88]-[INFO]-element ('xpath', '//*[@id="app"]/div/div/div/div/div[1]/form/div[1]/div/div/input') has be receive value 15757181215
2020-06-06 14:19:50,094-base_page.py:[67]-[INFO]-find element succeed
2020-06-06 14:19:50,111-base_page.py:[88]-[INFO]-element ('xpath', '//*[@id="app"]/div/div/div/div/div[1]/form/div[2]/div/div/input') has be receive value 
2020-06-06 14:19:50,126-base_page.py:[67]-[INFO]-find element succeed
2020-06-06 14:19:50,341-login_page.py:[63]-[INFO]-clickLogin logging ....
2020-06-06 14:19:51,363-base_page.py:[67]-[INFO]-find element succeed
2020-06-06 14:19:51,560-base_page.py:[193]-[INFO]-save screenshot test_login_fail_empty_user_password_pass.png succeed
2020-06-06 14:19:52,561-loginTc.py:[62]-[INFO]-test_login_fail_empty_user_password test completed 
2020-06-06 14:19:52,565-myunittest.py:[26]-[INFO]-test case run completed
2020-06-06 14:19:54,448-base_page.py:[50]-[INFO]-_open open url http://xiaozu365.com succeed
2020-06-06 14:19:54,448-base_page.py:[55]-[INFO]-open url http://xiaozu365.com succeed
2020-06-06 14:19:54,448-myunittest.py:[21]-[INFO]-start run test case
2020-06-06 14:19:54,465-base_page.py:[67]-[INFO]-find element succeed
2020-06-06 14:19:54,736-base_page.py:[67]-[INFO]-find element succeed
2020-06-06 14:19:54,767-base_page.py:[88]-[INFO]-element ('xpath', '//*[@id="app"]/div/div/div/div/div[1]/form/div[1]/div/div/input') has be receive value 15757181215
2020-06-06 14:19:54,803-base_page.py:[67]-[INFO]-find element succeed
2020-06-06 14:19:54,834-base_page.py:[88]-[INFO]-element ('xpath', '//*[@id="app"]/div/div/div/div/div[1]/form/div[2]/div/div/input') has be receive value 222222
2020-06-06 14:19:54,857-base_page.py:[67]-[INFO]-find element succeed
2020-06-06 14:19:55,075-login_page.py:[63]-[INFO]-clickLogin logging ....
2020-06-06 14:19:55,968-base_page.py:[67]-[INFO]-find element succeed
2020-06-06 14:19:55,976-loginTc.py:[34]-[INFO]-el-message el-message--error
2020-06-06 14:19:58,151-base_page.py:[193]-[INFO]-save screenshot test_login_fail_incorrect_user_password_pass.png succeed
2020-06-06 14:19:59,152-loginTc.py:[44]-[INFO]-test_login_fail_incorrect_user_password test completed 
2020-06-06 14:19:59,163-myunittest.py:[26]-[INFO]-test case run completed
2020-06-06 14:20:00,472-base_page.py:[50]-[INFO]-_open open url http://xiaozu365.com succeed
2020-06-06 14:20:00,472-base_page.py:[55]-[INFO]-open url http://xiaozu365.com succeed
2020-06-06 14:20:00,472-myunittest.py:[21]-[INFO]-start run test case
2020-06-06 14:20:00,503-base_page.py:[67]-[INFO]-find element succeed
2020-06-06 14:20:00,967-base_page.py:[67]-[INFO]-find element succeed
2020-06-06 14:20:01,000-base_page.py:[88]-[INFO]-element ('xpath', '//*[@id="app"]/div/div/div/div/div[1]/form/div[1]/div/div/input') has be receive value 15757181215
2020-06-06 14:20:01,015-base_page.py:[67]-[INFO]-find element succeed
2020-06-06 14:20:01,042-base_page.py:[88]-[INFO]-element ('xpath', '//*[@id="app"]/div/div/div/div/div[1]/form/div[2]/div/div/input') has be receive value 111111
2020-06-06 14:20:01,056-base_page.py:[67]-[INFO]-find element succeed
2020-06-06 14:20:01,272-login_page.py:[63]-[INFO]-clickLogin logging ....
2020-06-06 14:20:03,515-base_page.py:[203]-[INFO]-save screenshot test_login_succeed_correct_user_password_pass.png succeed
2020-06-06 14:20:04,515-loginTc.py:[26]-[INFO]-test_login_succeed_correct_user_password test completed 
2020-06-06 14:20:04,519-myunittest.py:[26]-[INFO]-test case run completed
2020-06-06 14:20:05,493-myunittest.py:[33]-[INFO]-quit the browser succeed
2020-06-06 15:07:00,921-doconfini.py:[18]-[INFO]-read excel value [D:\PycharmProjects1\xiaozutest] succeed! 
2020-06-06 15:07:00,969-testreport.py:[33]-[INFO]-generate test report D:\PycharmProjects1\xiaozutest\retail\report\testreport\普通测试报告2020-06-06 15-07-00.html succeed
2020-06-06 15:07:01,054-readexcel.py:[25]-[INFO]-reading home_page_elements succeed 
2020-06-06 15:07:01,058-readexcel.py:[25]-[INFO]-reading login_page_elements succeed 
2020-06-06 15:07:01,061-readexcel.py:[25]-[INFO]-reading login_test_date succeed 
2020-06-06 15:07:01,061-readexcel.py:[34]-[INFO]-read value 1,2 in sheetName home_page_elements succeed
2020-06-06 15:07:01,061-readexcel.py:[34]-[INFO]-read value 1,3 in sheetName home_page_elements succeed
2020-06-06 15:07:01,061-readexcel.py:[34]-[INFO]-read value 2,2 in sheetName home_page_elements succeed
2020-06-06 15:07:01,061-readexcel.py:[34]-[INFO]-read value 2,3 in sheetName home_page_elements succeed
2020-06-06 15:07:01,061-readexcel.py:[34]-[INFO]-read value 3,2 in sheetName home_page_elements succeed
2020-06-06 15:07:01,061-readexcel.py:[34]-[INFO]-read value 3,3 in sheetName home_page_elements succeed
2020-06-06 15:07:01,062-readexcel.py:[34]-[INFO]-read value 4,2 in sheetName home_page_elements succeed
2020-06-06 15:07:01,062-readexcel.py:[34]-[INFO]-read value 5,3 in sheetName home_page_elements succeed
2020-06-06 15:07:01,062-readexcel.py:[34]-[INFO]-read value 5,2 in sheetName home_page_elements succeed
2020-06-06 15:07:01,062-readexcel.py:[34]-[INFO]-read value 5,3 in sheetName home_page_elements succeed
2020-06-06 15:07:01,062-readexcel.py:[34]-[INFO]-read value 6,2 in sheetName home_page_elements succeed
2020-06-06 15:07:01,062-readexcel.py:[34]-[INFO]-read value 6,3 in sheetName home_page_elements succeed
2020-06-06 15:07:01,062-readexcel.py:[34]-[INFO]-read value 7,2 in sheetName home_page_elements succeed
2020-06-06 15:07:01,062-readexcel.py:[34]-[INFO]-read value 7,3 in sheetName home_page_elements succeed
2020-06-06 15:07:01,062-readexcel.py:[34]-[INFO]-read value 8,2 in sheetName home_page_elements succeed
2020-06-06 15:07:01,062-readexcel.py:[34]-[INFO]-read value 8,3 in sheetName home_page_elements succeed
2020-06-06 15:07:01,062-readexcel.py:[34]-[INFO]-read value 9,2 in sheetName home_page_elements succeed
2020-06-06 15:07:01,062-readexcel.py:[34]-[INFO]-read value 9,3 in sheetName home_page_elements succeed
2020-06-06 15:07:01,062-readexcel.py:[34]-[INFO]-read value 10,2 in sheetName home_page_elements succeed
2020-06-06 15:07:01,062-readexcel.py:[34]-[INFO]-read value 10,3 in sheetName home_page_elements succeed
2020-06-06 15:07:01,062-readexcel.py:[34]-[INFO]-read value 11,2 in sheetName home_page_elements succeed
2020-06-06 15:07:01,062-readexcel.py:[34]-[INFO]-read value 11,3 in sheetName home_page_elements succeed
2020-06-06 15:07:01,062-readexcel.py:[34]-[INFO]-read value 1,2 in sheetName login_page_elements succeed
2020-06-06 15:07:01,062-readexcel.py:[34]-[INFO]-read value 1,3 in sheetName login_page_elements succeed
2020-06-06 15:07:01,062-readexcel.py:[34]-[INFO]-read value 2,2 in sheetName login_page_elements succeed
2020-06-06 15:07:01,062-readexcel.py:[34]-[INFO]-read value 2,3 in sheetName login_page_elements succeed
2020-06-06 15:07:01,062-readexcel.py:[34]-[INFO]-read value 3,2 in sheetName login_page_elements succeed
2020-06-06 15:07:01,063-readexcel.py:[34]-[INFO]-read value 3,3 in sheetName login_page_elements succeed
2020-06-06 15:07:01,063-readexcel.py:[34]-[INFO]-read value 4,2 in sheetName login_page_elements succeed
2020-06-06 15:07:01,063-readexcel.py:[34]-[INFO]-read value 4,3 in sheetName login_page_elements succeed
2020-06-06 15:07:01,063-readexcel.py:[34]-[INFO]-read value 5,2 in sheetName login_page_elements succeed
2020-06-06 15:07:01,063-readexcel.py:[34]-[INFO]-read value 5,3 in sheetName login_page_elements succeed
2020-06-06 15:07:01,063-readexcel.py:[34]-[INFO]-read value 6,2 in sheetName login_page_elements succeed
2020-06-06 15:07:01,063-readexcel.py:[34]-[INFO]-read value 6,3 in sheetName login_page_elements succeed
2020-06-06 15:07:01,063-readexcel.py:[34]-[INFO]-read value 7,2 in sheetName login_page_elements succeed
2020-06-06 15:07:01,063-readexcel.py:[34]-[INFO]-read value 7,3 in sheetName login_page_elements succeed
2020-06-06 15:07:01,063-readexcel.py:[34]-[INFO]-read value 8,2 in sheetName login_page_elements succeed
2020-06-06 15:07:01,063-readexcel.py:[34]-[INFO]-read value 8,3 in sheetName login_page_elements succeed
2020-06-06 15:07:01,063-readexcel.py:[34]-[INFO]-read value 9,2 in sheetName login_page_elements succeed
2020-06-06 15:07:01,063-readexcel.py:[34]-[INFO]-read value 9,3 in sheetName login_page_elements succeed
2020-06-06 15:07:01,063-readexcel.py:[34]-[INFO]-read value 10,2 in sheetName login_page_elements succeed
2020-06-06 15:07:01,063-readexcel.py:[34]-[INFO]-read value 10,3 in sheetName login_page_elements succeed
2020-06-06 15:07:01,063-readexcel.py:[34]-[INFO]-read value 11,2 in sheetName login_page_elements succeed
2020-06-06 15:07:01,063-readexcel.py:[34]-[INFO]-read value 11,3 in sheetName login_page_elements succeed
2020-06-06 15:07:01,063-readexcel.py:[34]-[INFO]-read value 12,2 in sheetName login_page_elements succeed
2020-06-06 15:07:01,063-readexcel.py:[34]-[INFO]-read value 12,3 in sheetName login_page_elements succeed
2020-06-06 15:07:01,063-readexcel.py:[34]-[INFO]-read value 13,2 in sheetName login_page_elements succeed
2020-06-06 15:07:01,063-readexcel.py:[34]-[INFO]-read value 13,3 in sheetName login_page_elements succeed
2020-06-06 15:07:01,063-readexcel.py:[34]-[INFO]-read value 14,2 in sheetName login_page_elements succeed
2020-06-06 15:07:01,063-readexcel.py:[34]-[INFO]-read value 14,3 in sheetName login_page_elements succeed
2020-06-06 15:07:01,063-readexcel.py:[34]-[INFO]-read value 15,2 in sheetName login_page_elements succeed
2020-06-06 15:07:01,063-readexcel.py:[34]-[INFO]-read value 15,3 in sheetName login_page_elements succeed
2020-06-06 15:07:01,063-readexcel.py:[34]-[INFO]-read value 16,2 in sheetName login_page_elements succeed
2020-06-06 15:07:01,063-readexcel.py:[34]-[INFO]-read value 16,3 in sheetName login_page_elements succeed
2020-06-06 15:07:01,064-readexcel.py:[34]-[INFO]-read value 17,2 in sheetName login_page_elements succeed
2020-06-06 15:07:01,064-readexcel.py:[34]-[INFO]-read value 17,3 in sheetName login_page_elements succeed
2020-06-06 15:07:01,064-readexcel.py:[34]-[INFO]-read value 31,2 in sheetName login_page_elements succeed
2020-06-06 15:07:01,064-readexcel.py:[34]-[INFO]-read value 31,3 in sheetName login_page_elements succeed
2020-06-06 15:07:01,064-readexcel.py:[34]-[INFO]-read value 1,2 in sheetName login_test_date succeed
2020-06-06 15:07:01,064-readexcel.py:[34]-[INFO]-read value 1,3 in sheetName login_test_date succeed
2020-06-06 15:07:01,064-readexcel.py:[34]-[INFO]-read value 2,2 in sheetName login_test_date succeed
2020-06-06 15:07:01,064-readexcel.py:[34]-[INFO]-read value 2,3 in sheetName login_test_date succeed
2020-06-06 15:07:01,064-readexcel.py:[34]-[INFO]-read value 3,2 in sheetName login_test_date succeed
2020-06-06 15:07:01,064-readexcel.py:[34]-[INFO]-read value 3,3 in sheetName login_test_date succeed
2020-06-06 15:07:01,064-readexcel.py:[34]-[INFO]-read value 4,2 in sheetName login_test_date succeed
2020-06-06 15:07:01,064-readexcel.py:[34]-[INFO]-read value 4,3 in sheetName login_test_date succeed
2020-06-06 15:07:01,064-readexcel.py:[34]-[INFO]-read value 5,2 in sheetName login_test_date succeed
2020-06-06 15:07:01,064-readexcel.py:[34]-[INFO]-read value 5,3 in sheetName login_test_date succeed
2020-06-06 15:07:06,908-driver.py:[15]-[INFO]-fireFoxDriver:found the Firefox driver [<selenium.webdriver.firefox.webdriver.WebDriver (session="f42a888c-8e82-4762-afb5-c97643ec2b0b")>] succeed !
2020-06-06 15:07:07,163-myunittest.py:[15]-[INFO]-open the browser succeed
2020-06-06 15:07:13,232-base_page.py:[50]-[INFO]-_open open url http://xiaozu365.com succeed
2020-06-06 15:07:13,233-base_page.py:[55]-[INFO]-open url http://xiaozu365.com succeed
2020-06-06 15:07:13,233-myunittest.py:[21]-[INFO]-start run test case
2020-06-06 15:07:13,263-base_page.py:[67]-[INFO]-find element succeed
2020-06-06 15:07:15,718-base_page.py:[67]-[INFO]-find element succeed
2020-06-06 15:07:15,735-base_page.py:[88]-[INFO]-element ('xpath', '//*[@id="app"]/div/div/div/div/div[1]/form/div[1]/div/div/input') has be receive value 
2020-06-06 15:07:15,753-base_page.py:[67]-[INFO]-find element succeed
2020-06-06 15:07:15,776-base_page.py:[88]-[INFO]-element ('xpath', '//*[@id="app"]/div/div/div/div/div[1]/form/div[2]/div/div/input') has be receive value 
2020-06-06 15:07:15,791-base_page.py:[67]-[INFO]-find element succeed
2020-06-06 15:07:16,008-login_page.py:[63]-[INFO]-clickLogin logging ....
2020-06-06 15:07:17,011-base_page.py:[64]-[ERROR]-find element timeout!
Traceback (most recent call last):
  File "D:\PycharmProjects1\xiaozutest\retail\test_case\page_obj\base_page.py", line 62, in findElement
    WebDriverWait(self.driver,10).until(EC.visibility_of_element_located(element))
  File "C:\Users\Administrator\AppData\Local\Programs\Python\Python37\lib\site-packages\selenium\webdriver\support\wait.py", line 71, in until
    value = method(self._driver)
  File "C:\Users\Administrator\AppData\Local\Programs\Python\Python37\lib\site-packages\selenium\webdriver\support\expected_conditions.py", line 128, in __call__
    return _element_if_visible(_find_element(driver, self.locator))
  File "C:\Users\Administrator\AppData\Local\Programs\Python\Python37\lib\site-packages\selenium\webdriver\support\expected_conditions.py", line 415, in _find_element
    raise e
  File "C:\Users\Administrator\AppData\Local\Programs\Python\Python37\lib\site-packages\selenium\webdriver\support\expected_conditions.py", line 411, in _find_element
    return driver.find_element(*by)
  File "C:\Users\Administrator\AppData\Local\Programs\Python\Python37\lib\site-packages\selenium\webdriver\remote\webdriver.py", line 978, in find_element
    'value': value})['value']
  File "C:\Users\Administrator\AppData\Local\Programs\Python\Python37\lib\site-packages\selenium\webdriver\remote\webdriver.py", line 321, in execute
    self.error_handler.check_response(response)
  File "C:\Users\Administrator\AppData\Local\Programs\Python\Python37\lib\site-packages\selenium\webdriver\remote\errorhandler.py", line 242, in check_response
    raise exception_class(message, screen, stacktrace)
selenium.common.exceptions.InvalidArgumentException: Message: unknown variant `//*[@id="app"]/div/div/div/div/div[1]/form/div[1]/div/div[2]`, expected one of `css selector`, `link text`, `partial link text`, `tag name`, `xpath` at line 1 column 74

2020-06-06 15:07:17,232-base_page.py:[193]-[INFO]-save screenshot test_login_fail_empty_user_name_fail.png succeed
2020-06-06 15:07:18,245-myunittest.py:[26]-[INFO]-test case run completed
2020-06-06 15:07:19,997-base_page.py:[50]-[INFO]-_open open url http://xiaozu365.com succeed
2020-06-06 15:07:19,997-base_page.py:[55]-[INFO]-open url http://xiaozu365.com succeed
2020-06-06 15:07:19,997-myunittest.py:[21]-[INFO]-start run test case
2020-06-06 15:07:20,029-base_page.py:[67]-[INFO]-find element succeed
2020-06-06 15:07:20,329-base_page.py:[67]-[INFO]-find element succeed
2020-06-06 15:07:20,364-base_page.py:[88]-[INFO]-element ('xpath', '//*[@id="app"]/div/div/div/div/div[1]/form/div[1]/div/div/input') has be receive value 15757181215
2020-06-06 15:07:20,378-base_page.py:[67]-[INFO]-find element succeed
2020-06-06 15:07:20,394-base_page.py:[88]-[INFO]-element ('xpath', '//*[@id="app"]/div/div/div/div/div[1]/form/div[2]/div/div/input') has be receive value 
2020-06-06 15:07:20,411-base_page.py:[67]-[INFO]-find element succeed
2020-06-06 15:07:20,626-login_page.py:[63]-[INFO]-clickLogin logging ....
2020-06-06 15:07:21,655-base_page.py:[67]-[INFO]-find element succeed
2020-06-06 15:07:21,845-base_page.py:[193]-[INFO]-save screenshot test_login_fail_empty_user_password_pass.png succeed
2020-06-06 15:07:22,847-loginTc.py:[61]-[INFO]-test_login_fail_empty_user_password test completed 
2020-06-06 15:07:22,855-myunittest.py:[26]-[INFO]-test case run completed
2020-06-06 15:07:23,530-base_page.py:[50]-[INFO]-_open open url http://xiaozu365.com succeed
2020-06-06 15:07:23,530-base_page.py:[55]-[INFO]-open url http://xiaozu365.com succeed
2020-06-06 15:07:23,530-myunittest.py:[21]-[INFO]-start run test case
2020-06-06 15:07:23,562-base_page.py:[67]-[INFO]-find element succeed
2020-06-06 15:07:23,823-base_page.py:[67]-[INFO]-find element succeed
2020-06-06 15:07:23,852-base_page.py:[88]-[INFO]-element ('xpath', '//*[@id="app"]/div/div/div/div/div[1]/form/div[1]/div/div/input') has be receive value 15757
2020-06-06 15:07:23,868-base_page.py:[67]-[INFO]-find element succeed
2020-06-06 15:07:23,874-base_page.py:[85]-[ERROR]-type value error 
Traceback (most recent call last):
  File "D:\PycharmProjects1\xiaozutest\retail\test_case\page_obj\base_page.py", line 83, in inputValue
    inputElement.send_keys(value)
  File "C:\Users\Administrator\AppData\Local\Programs\Python\Python37\lib\site-packages\selenium\webdriver\remote\webelement.py", line 478, in send_keys
    {'text': "".join(keys_to_typing(value)),
  File "C:\Users\Administrator\AppData\Local\Programs\Python\Python37\lib\site-packages\selenium\webdriver\common\utils.py", line 150, in keys_to_typing
    for i in range(len(val)):
TypeError: object of type 'float' has no len()
2020-06-06 15:07:24,048-base_page.py:[193]-[INFO]-save screenshot test_login_fail_incorrect_user_name_fail.png succeed
2020-06-06 15:07:25,058-myunittest.py:[26]-[INFO]-test case run completed
2020-06-06 15:07:26,426-base_page.py:[50]-[INFO]-_open open url http://xiaozu365.com succeed
2020-06-06 15:07:26,427-base_page.py:[55]-[INFO]-open url http://xiaozu365.com succeed
2020-06-06 15:07:26,427-myunittest.py:[21]-[INFO]-start run test case
2020-06-06 15:07:26,450-base_page.py:[67]-[INFO]-find element succeed
2020-06-06 15:07:26,917-base_page.py:[67]-[INFO]-find element succeed
2020-06-06 15:07:26,944-base_page.py:[88]-[INFO]-element ('xpath', '//*[@id="app"]/div/div/div/div/div[1]/form/div[1]/div/div/input') has be receive value 15757181215
2020-06-06 15:07:26,958-base_page.py:[67]-[INFO]-find element succeed
2020-06-06 15:07:26,984-base_page.py:[88]-[INFO]-element ('xpath', '//*[@id="app"]/div/div/div/div/div[1]/form/div[2]/div/div/input') has be receive value 222222
2020-06-06 15:07:26,996-base_page.py:[67]-[INFO]-find element succeed
2020-06-06 15:07:27,212-login_page.py:[63]-[INFO]-clickLogin logging ....
2020-06-06 15:07:28,104-base_page.py:[67]-[INFO]-find element succeed
2020-06-06 15:07:28,113-loginTc.py:[34]-[INFO]-el-message el-message--error
2020-06-06 15:07:30,297-base_page.py:[193]-[INFO]-save screenshot test_login_fail_incorrect_user_password_pass.png succeed
2020-06-06 15:07:31,297-loginTc.py:[44]-[INFO]-test_login_fail_incorrect_user_password test completed 
2020-06-06 15:07:31,301-myunittest.py:[26]-[INFO]-test case run completed
2020-06-06 15:07:32,541-base_page.py:[50]-[INFO]-_open open url http://xiaozu365.com succeed
2020-06-06 15:07:32,541-base_page.py:[55]-[INFO]-open url http://xiaozu365.com succeed
2020-06-06 15:07:32,541-myunittest.py:[21]-[INFO]-start run test case
2020-06-06 15:07:32,581-base_page.py:[67]-[INFO]-find element succeed
2020-06-06 15:07:32,786-base_page.py:[67]-[INFO]-find element succeed
2020-06-06 15:07:32,826-base_page.py:[88]-[INFO]-element ('xpath', '//*[@id="app"]/div/div/div/div/div[1]/form/div[1]/div/div/input') has be receive value 15757181215
2020-06-06 15:07:32,841-base_page.py:[67]-[INFO]-find element succeed
2020-06-06 15:07:32,867-base_page.py:[88]-[INFO]-element ('xpath', '//*[@id="app"]/div/div/div/div/div[1]/form/div[2]/div/div/input') has be receive value 111111
2020-06-06 15:07:32,881-base_page.py:[67]-[INFO]-find element succeed
2020-06-06 15:07:33,096-login_page.py:[63]-[INFO]-clickLogin logging ....
2020-06-06 15:07:35,358-base_page.py:[203]-[INFO]-save screenshot test_login_succeed_correct_user_password_pass.png succeed
2020-06-06 15:07:36,359-loginTc.py:[26]-[INFO]-test_login_succeed_correct_user_password test completed 
2020-06-06 15:07:36,363-myunittest.py:[26]-[INFO]-test case run completed
2020-06-06 15:07:37,331-myunittest.py:[33]-[INFO]-quit the browser succeed
